{"C:\\Users\\25078\\Desktop\\amani\\mydairy\\server\\test\\usersTest.js":{"path":"C:\\Users\\25078\\Desktop\\amani\\mydairy\\server\\test\\usersTest.js","statementMap":{"0":{"start":{"line":3,"column":12},"end":{"line":3,"column":51}},"1":{"start":{"line":5,"column":16},"end":{"line":5,"column":60}},"2":{"start":{"line":7,"column":14},"end":{"line":7,"column":58}},"3":{"start":{"line":9,"column":13},"end":{"line":9,"column":59}},"4":{"start":{"line":11,"column":16},"end":{"line":11,"column":70}},"5":{"start":{"line":13,"column":39},"end":{"line":13,"column":95}},"6":{"start":{"line":15,"column":13},"end":{"line":15,"column":36}},"7":{"start":{"line":17,"column":0},"end":{"line":17,"column":43}},"8":{"start":{"line":19,"column":0},"end":{"line":68,"column":3}},"9":{"start":{"line":20,"column":2},"end":{"line":26,"column":5}},"10":{"start":{"line":21,"column":4},"end":{"line":21,"column":49}},"11":{"start":{"line":23,"column":4},"end":{"line":23,"column":51}},"12":{"start":{"line":25,"column":4},"end":{"line":25,"column":11}},"13":{"start":{"line":27,"column":2},"end":{"line":35,"column":5}},"14":{"start":{"line":28,"column":4},"end":{"line":34,"column":7}},"15":{"start":{"line":29,"column":6},"end":{"line":29,"column":42}},"16":{"start":{"line":30,"column":6},"end":{"line":30,"column":39}},"17":{"start":{"line":31,"column":6},"end":{"line":31,"column":72}},"18":{"start":{"line":32,"column":6},"end":{"line":32,"column":54}},"19":{"start":{"line":33,"column":6},"end":{"line":33,"column":13}},"20":{"start":{"line":36,"column":2},"end":{"line":43,"column":5}},"21":{"start":{"line":37,"column":4},"end":{"line":42,"column":7}},"22":{"start":{"line":38,"column":6},"end":{"line":38,"column":42}},"23":{"start":{"line":39,"column":6},"end":{"line":39,"column":39}},"24":{"start":{"line":40,"column":6},"end":{"line":40,"column":124}},"25":{"start":{"line":41,"column":6},"end":{"line":41,"column":13}},"26":{"start":{"line":44,"column":2},"end":{"line":51,"column":5}},"27":{"start":{"line":45,"column":4},"end":{"line":50,"column":7}},"28":{"start":{"line":46,"column":6},"end":{"line":46,"column":42}},"29":{"start":{"line":47,"column":6},"end":{"line":47,"column":39}},"30":{"start":{"line":48,"column":6},"end":{"line":48,"column":54}},"31":{"start":{"line":49,"column":6},"end":{"line":49,"column":13}},"32":{"start":{"line":52,"column":2},"end":{"line":59,"column":5}},"33":{"start":{"line":53,"column":4},"end":{"line":58,"column":7}},"34":{"start":{"line":54,"column":6},"end":{"line":54,"column":42}},"35":{"start":{"line":55,"column":6},"end":{"line":55,"column":39}},"36":{"start":{"line":56,"column":6},"end":{"line":56,"column":77}},"37":{"start":{"line":57,"column":6},"end":{"line":57,"column":13}},"38":{"start":{"line":60,"column":2},"end":{"line":67,"column":5}},"39":{"start":{"line":61,"column":4},"end":{"line":66,"column":7}},"40":{"start":{"line":62,"column":6},"end":{"line":62,"column":42}},"41":{"start":{"line":63,"column":6},"end":{"line":63,"column":39}},"42":{"start":{"line":64,"column":6},"end":{"line":64,"column":136}},"43":{"start":{"line":65,"column":6},"end":{"line":65,"column":13}},"44":{"start":{"line":69,"column":0},"end":{"line":119,"column":3}},"45":{"start":{"line":70,"column":2},"end":{"line":78,"column":5}},"46":{"start":{"line":71,"column":4},"end":{"line":77,"column":7}},"47":{"start":{"line":72,"column":6},"end":{"line":72,"column":42}},"48":{"start":{"line":73,"column":6},"end":{"line":73,"column":39}},"49":{"start":{"line":74,"column":6},"end":{"line":74,"column":72}},"50":{"start":{"line":75,"column":6},"end":{"line":75,"column":46}},"51":{"start":{"line":76,"column":6},"end":{"line":76,"column":13}},"52":{"start":{"line":79,"column":2},"end":{"line":86,"column":5}},"53":{"start":{"line":80,"column":4},"end":{"line":85,"column":7}},"54":{"start":{"line":81,"column":6},"end":{"line":81,"column":42}},"55":{"start":{"line":82,"column":6},"end":{"line":82,"column":39}},"56":{"start":{"line":83,"column":6},"end":{"line":83,"column":83}},"57":{"start":{"line":84,"column":6},"end":{"line":84,"column":13}},"58":{"start":{"line":87,"column":2},"end":{"line":94,"column":5}},"59":{"start":{"line":88,"column":4},"end":{"line":93,"column":7}},"60":{"start":{"line":89,"column":6},"end":{"line":89,"column":42}},"61":{"start":{"line":90,"column":6},"end":{"line":90,"column":39}},"62":{"start":{"line":91,"column":6},"end":{"line":91,"column":60}},"63":{"start":{"line":92,"column":6},"end":{"line":92,"column":13}},"64":{"start":{"line":95,"column":2},"end":{"line":102,"column":5}},"65":{"start":{"line":96,"column":4},"end":{"line":101,"column":7}},"66":{"start":{"line":97,"column":6},"end":{"line":97,"column":42}},"67":{"start":{"line":98,"column":6},"end":{"line":98,"column":39}},"68":{"start":{"line":99,"column":6},"end":{"line":99,"column":83}},"69":{"start":{"line":100,"column":6},"end":{"line":100,"column":13}},"70":{"start":{"line":103,"column":2},"end":{"line":110,"column":5}},"71":{"start":{"line":104,"column":4},"end":{"line":109,"column":7}},"72":{"start":{"line":105,"column":6},"end":{"line":105,"column":42}},"73":{"start":{"line":106,"column":6},"end":{"line":106,"column":39}},"74":{"start":{"line":107,"column":6},"end":{"line":107,"column":46}},"75":{"start":{"line":108,"column":6},"end":{"line":108,"column":13}},"76":{"start":{"line":111,"column":2},"end":{"line":118,"column":5}},"77":{"start":{"line":112,"column":4},"end":{"line":117,"column":7}},"78":{"start":{"line":113,"column":6},"end":{"line":113,"column":42}},"79":{"start":{"line":114,"column":6},"end":{"line":114,"column":39}},"80":{"start":{"line":115,"column":6},"end":{"line":115,"column":47}},"81":{"start":{"line":116,"column":6},"end":{"line":116,"column":13}}},"fnMap":{"0":{"name":"_interopRequireDefault","decl":{"start":{"line":13,"column":9},"end":{"line":13,"column":31}},"loc":{"start":{"line":13,"column":37},"end":{"line":13,"column":97}},"line":13},"1":{"name":"(anonymous_1)","decl":{"start":{"line":19,"column":39},"end":{"line":19,"column":40}},"loc":{"start":{"line":19,"column":51},"end":{"line":68,"column":1}},"line":19},"2":{"name":"(anonymous_2)","decl":{"start":{"line":20,"column":37},"end":{"line":20,"column":38}},"loc":{"start":{"line":20,"column":53},"end":{"line":26,"column":3}},"line":20},"3":{"name":"(anonymous_3)","decl":{"start":{"line":27,"column":48},"end":{"line":27,"column":49}},"loc":{"start":{"line":27,"column":64},"end":{"line":35,"column":3}},"line":27},"4":{"name":"(anonymous_4)","decl":{"start":{"line":28,"column":159},"end":{"line":28,"column":160}},"loc":{"start":{"line":28,"column":179},"end":{"line":34,"column":5}},"line":28},"5":{"name":"(anonymous_5)","decl":{"start":{"line":36,"column":57},"end":{"line":36,"column":58}},"loc":{"start":{"line":36,"column":73},"end":{"line":43,"column":3}},"line":36},"6":{"name":"(anonymous_6)","decl":{"start":{"line":37,"column":159},"end":{"line":37,"column":160}},"loc":{"start":{"line":37,"column":179},"end":{"line":42,"column":5}},"line":37},"7":{"name":"(anonymous_7)","decl":{"start":{"line":44,"column":40},"end":{"line":44,"column":41}},"loc":{"start":{"line":44,"column":56},"end":{"line":51,"column":3}},"line":44},"8":{"name":"(anonymous_8)","decl":{"start":{"line":45,"column":159},"end":{"line":45,"column":160}},"loc":{"start":{"line":45,"column":179},"end":{"line":50,"column":5}},"line":45},"9":{"name":"(anonymous_9)","decl":{"start":{"line":52,"column":64},"end":{"line":52,"column":65}},"loc":{"start":{"line":52,"column":80},"end":{"line":59,"column":3}},"line":52},"10":{"name":"(anonymous_10)","decl":{"start":{"line":53,"column":165},"end":{"line":53,"column":166}},"loc":{"start":{"line":53,"column":185},"end":{"line":58,"column":5}},"line":53},"11":{"name":"(anonymous_11)","decl":{"start":{"line":60,"column":48},"end":{"line":60,"column":49}},"loc":{"start":{"line":60,"column":64},"end":{"line":67,"column":3}},"line":60},"12":{"name":"(anonymous_12)","decl":{"start":{"line":61,"column":163},"end":{"line":61,"column":164}},"loc":{"start":{"line":61,"column":183},"end":{"line":66,"column":5}},"line":61},"13":{"name":"(anonymous_13)","decl":{"start":{"line":69,"column":38},"end":{"line":69,"column":39}},"loc":{"start":{"line":69,"column":50},"end":{"line":119,"column":1}},"line":69},"14":{"name":"(anonymous_14)","decl":{"start":{"line":70,"column":51},"end":{"line":70,"column":52}},"loc":{"start":{"line":70,"column":67},"end":{"line":78,"column":3}},"line":70},"15":{"name":"(anonymous_15)","decl":{"start":{"line":71,"column":211},"end":{"line":71,"column":212}},"loc":{"start":{"line":71,"column":231},"end":{"line":77,"column":5}},"line":71},"16":{"name":"(anonymous_16)","decl":{"start":{"line":79,"column":57},"end":{"line":79,"column":58}},"loc":{"start":{"line":79,"column":73},"end":{"line":86,"column":3}},"line":79},"17":{"name":"(anonymous_17)","decl":{"start":{"line":80,"column":214},"end":{"line":80,"column":215}},"loc":{"start":{"line":80,"column":234},"end":{"line":85,"column":5}},"line":80},"18":{"name":"(anonymous_18)","decl":{"start":{"line":87,"column":57},"end":{"line":87,"column":58}},"loc":{"start":{"line":87,"column":73},"end":{"line":94,"column":3}},"line":87},"19":{"name":"(anonymous_19)","decl":{"start":{"line":88,"column":218},"end":{"line":88,"column":219}},"loc":{"start":{"line":88,"column":238},"end":{"line":93,"column":5}},"line":88},"20":{"name":"(anonymous_20)","decl":{"start":{"line":95,"column":57},"end":{"line":95,"column":58}},"loc":{"start":{"line":95,"column":73},"end":{"line":102,"column":3}},"line":95},"21":{"name":"(anonymous_21)","decl":{"start":{"line":96,"column":167},"end":{"line":96,"column":168}},"loc":{"start":{"line":96,"column":187},"end":{"line":101,"column":5}},"line":96},"22":{"name":"(anonymous_22)","decl":{"start":{"line":103,"column":34},"end":{"line":103,"column":35}},"loc":{"start":{"line":103,"column":50},"end":{"line":110,"column":3}},"line":103},"23":{"name":"(anonymous_23)","decl":{"start":{"line":104,"column":210},"end":{"line":104,"column":211}},"loc":{"start":{"line":104,"column":230},"end":{"line":109,"column":5}},"line":104},"24":{"name":"(anonymous_24)","decl":{"start":{"line":111,"column":32},"end":{"line":111,"column":33}},"loc":{"start":{"line":111,"column":48},"end":{"line":118,"column":3}},"line":111},"25":{"name":"(anonymous_25)","decl":{"start":{"line":112,"column":212},"end":{"line":112,"column":213}},"loc":{"start":{"line":112,"column":232},"end":{"line":117,"column":5}},"line":112}},"branchMap":{"0":{"loc":{"start":{"line":13,"column":46},"end":{"line":13,"column":94}},"type":"cond-expr","locations":[{"start":{"line":13,"column":70},"end":{"line":13,"column":73}},{"start":{"line":13,"column":76},"end":{"line":13,"column":94}}],"line":13},"1":{"loc":{"start":{"line":13,"column":46},"end":{"line":13,"column":67}},"type":"binary-expr","locations":[{"start":{"line":13,"column":46},"end":{"line":13,"column":49}},{"start":{"line":13,"column":53},"end":{"line":13,"column":67}}],"line":13}},"s":{"0":1,"1":1,"2":1,"3":1,"4":1,"5":5,"6":1,"7":1,"8":1,"9":1,"10":1,"11":1,"12":1,"13":1,"14":1,"15":1,"16":1,"17":1,"18":1,"19":1,"20":1,"21":1,"22":1,"23":1,"24":1,"25":1,"26":1,"27":1,"28":1,"29":1,"30":1,"31":1,"32":1,"33":1,"34":1,"35":1,"36":1,"37":1,"38":1,"39":1,"40":1,"41":1,"42":1,"43":1,"44":1,"45":1,"46":1,"47":1,"48":1,"49":1,"50":1,"51":1,"52":1,"53":1,"54":1,"55":1,"56":1,"57":1,"58":1,"59":1,"60":1,"61":1,"62":1,"63":1,"64":1,"65":1,"66":1,"67":1,"68":1,"69":1,"70":1,"71":1,"72":1,"73":1,"74":1,"75":1,"76":1,"77":1,"78":1,"79":1,"80":1,"81":1},"f":{"0":5,"1":1,"2":1,"3":1,"4":1,"5":1,"6":1,"7":1,"8":1,"9":1,"10":1,"11":1,"12":1,"13":1,"14":1,"15":1,"16":1,"17":1,"18":1,"19":1,"20":1,"21":1,"22":1,"23":1,"24":1,"25":1},"b":{"0":[3,2],"1":[5,5]},"_coverageSchema":"43e27e138ebf9cfc5966b082cf9a028302ed4184","hash":"afff3a11ad56faf302dc001fa74aecc09a623052","contentHash":"9e38ef568217025ba59a618dae78f8e5d9c0f7640764294ce6c92012f72e8230"},"C:\\Users\\25078\\Desktop\\amani\\mydairy\\server\\server.js":{"path":"C:\\Users\\25078\\Desktop\\amani\\mydairy\\server\\server.js","statementMap":{"0":{"start":{"line":3,"column":0},"end":{"line":5,"column":3}},"1":{"start":{"line":6,"column":0},"end":{"line":6,"column":28}},"2":{"start":{"line":8,"column":15},"end":{"line":8,"column":57}},"3":{"start":{"line":10,"column":18},"end":{"line":10,"column":73}},"4":{"start":{"line":12,"column":0},"end":{"line":12,"column":22}},"5":{"start":{"line":14,"column":39},"end":{"line":14,"column":95}},"6":{"start":{"line":16,"column":10},"end":{"line":16,"column":36}},"7":{"start":{"line":17,"column":0},"end":{"line":17,"column":36}},"8":{"start":{"line":18,"column":11},"end":{"line":18,"column":35}},"9":{"start":{"line":19,"column":0},"end":{"line":19,"column":17}},"10":{"start":{"line":20,"column":0},"end":{"line":20,"column":48}},"11":{"start":{"line":21,"column":0},"end":{"line":21,"column":42}},"12":{"start":{"line":22,"column":15},"end":{"line":22,"column":18}},"13":{"start":{"line":23,"column":0},"end":{"line":23,"column":30}}},"fnMap":{"0":{"name":"_interopRequireDefault","decl":{"start":{"line":14,"column":9},"end":{"line":14,"column":31}},"loc":{"start":{"line":14,"column":37},"end":{"line":14,"column":97}},"line":14}},"branchMap":{"0":{"loc":{"start":{"line":14,"column":46},"end":{"line":14,"column":94}},"type":"cond-expr","locations":[{"start":{"line":14,"column":70},"end":{"line":14,"column":73}},{"start":{"line":14,"column":76},"end":{"line":14,"column":94}}],"line":14},"1":{"loc":{"start":{"line":14,"column":46},"end":{"line":14,"column":67}},"type":"binary-expr","locations":[{"start":{"line":14,"column":46},"end":{"line":14,"column":49}},{"start":{"line":14,"column":53},"end":{"line":14,"column":67}}],"line":14},"2":{"loc":{"start":{"line":18,"column":11},"end":{"line":18,"column":35}},"type":"binary-expr","locations":[{"start":{"line":18,"column":11},"end":{"line":18,"column":27}},{"start":{"line":18,"column":31},"end":{"line":18,"column":35}}],"line":18}},"s":{"0":1,"1":1,"2":1,"3":1,"4":1,"5":2,"6":1,"7":1,"8":1,"9":1,"10":1,"11":1,"12":1,"13":1},"f":{"0":2},"b":{"0":[1,1],"1":[2,2],"2":[1,1]},"_coverageSchema":"43e27e138ebf9cfc5966b082cf9a028302ed4184","hash":"60d6c52a1e28daf60349e3154f83f4ba9e9cb042","contentHash":"e126a8b84538e55d32e20af5058811b5123b378d46c43c19d851d9894855f62c"},"C:\\Users\\25078\\Desktop\\amani\\mydairy\\server\\routers\\usersRoute.js":{"path":"C:\\Users\\25078\\Desktop\\amani\\mydairy\\server\\routers\\usersRoute.js","statementMap":{"0":{"start":{"line":3,"column":0},"end":{"line":5,"column":3}},"1":{"start":{"line":6,"column":0},"end":{"line":6,"column":28}},"2":{"start":{"line":8,"column":15},"end":{"line":8,"column":57}},"3":{"start":{"line":10,"column":23},"end":{"line":10,"column":88}},"4":{"start":{"line":12,"column":25},"end":{"line":12,"column":92}},"5":{"start":{"line":14,"column":17},"end":{"line":14,"column":75}},"6":{"start":{"line":16,"column":39},"end":{"line":16,"column":95}},"7":{"start":{"line":18,"column":13},"end":{"line":18,"column":47}},"8":{"start":{"line":19,"column":12},"end":{"line":19,"column":45}},"9":{"start":{"line":21,"column":13},"end":{"line":21,"column":41}},"10":{"start":{"line":23,"column":0},"end":{"line":23,"column":31}},"11":{"start":{"line":24,"column":0},"end":{"line":24,"column":30}},"12":{"start":{"line":25,"column":0},"end":{"line":25,"column":102}},"13":{"start":{"line":26,"column":0},"end":{"line":26,"column":107}},"14":{"start":{"line":27,"column":0},"end":{"line":27,"column":114}},"15":{"start":{"line":28,"column":0},"end":{"line":28,"column":103}},"16":{"start":{"line":29,"column":0},"end":{"line":29,"column":112}},"17":{"start":{"line":30,"column":15},"end":{"line":30,"column":21}},"18":{"start":{"line":31,"column":0},"end":{"line":31,"column":30}}},"fnMap":{"0":{"name":"_interopRequireDefault","decl":{"start":{"line":16,"column":9},"end":{"line":16,"column":31}},"loc":{"start":{"line":16,"column":37},"end":{"line":16,"column":97}},"line":16}},"branchMap":{"0":{"loc":{"start":{"line":16,"column":46},"end":{"line":16,"column":94}},"type":"cond-expr","locations":[{"start":{"line":16,"column":70},"end":{"line":16,"column":73}},{"start":{"line":16,"column":76},"end":{"line":16,"column":94}}],"line":16},"1":{"loc":{"start":{"line":16,"column":46},"end":{"line":16,"column":67}},"type":"binary-expr","locations":[{"start":{"line":16,"column":46},"end":{"line":16,"column":49}},{"start":{"line":16,"column":53},"end":{"line":16,"column":67}}],"line":16}},"s":{"0":1,"1":1,"2":1,"3":1,"4":1,"5":1,"6":4,"7":1,"8":1,"9":1,"10":1,"11":1,"12":1,"13":1,"14":1,"15":1,"16":1,"17":1,"18":1},"f":{"0":4},"b":{"0":[3,1],"1":[4,4]},"_coverageSchema":"43e27e138ebf9cfc5966b082cf9a028302ed4184","hash":"45432359b6667055811cd42cf42603744827f1f2","contentHash":"3c9d05169922651d90fb42145fd5f613590601a36a56037d0643e4d7dc4bc9e1"},"C:\\Users\\25078\\Desktop\\amani\\mydairy\\server\\controllers\\usersController.js":{"path":"C:\\Users\\25078\\Desktop\\amani\\mydairy\\server\\controllers\\usersController.js","statementMap":{"0":{"start":{"line":3,"column":0},"end":{"line":5,"column":3}},"1":{"start":{"line":6,"column":0},"end":{"line":6,"column":28}},"2":{"start":{"line":8,"column":14},"end":{"line":8,"column":55}},"3":{"start":{"line":10,"column":14},"end":{"line":10,"column":66}},"4":{"start":{"line":12,"column":19},"end":{"line":12,"column":77}},"5":{"start":{"line":14,"column":0},"end":{"line":14,"column":37}},"6":{"start":{"line":16,"column":39},"end":{"line":16,"column":95}},"7":{"start":{"line":18,"column":77},"end":{"line":18,"column":175}},"8":{"start":{"line":18,"column":94},"end":{"line":18,"column":107}},"9":{"start":{"line":18,"column":121},"end":{"line":18,"column":131}},"10":{"start":{"line":18,"column":151},"end":{"line":18,"column":165}},"11":{"start":{"line":18,"column":166},"end":{"line":18,"column":173}},"12":{"start":{"line":18,"column":176},"end":{"line":18,"column":263}},"13":{"start":{"line":18,"column":193},"end":{"line":18,"column":208}},"14":{"start":{"line":18,"column":218},"end":{"line":18,"column":261}},"15":{"start":{"line":20,"column":33},"end":{"line":20,"column":387}},"16":{"start":{"line":20,"column":65},"end":{"line":20,"column":69}},"17":{"start":{"line":20,"column":78},"end":{"line":20,"column":87}},"18":{"start":{"line":20,"column":89},"end":{"line":20,"column":384}},"19":{"start":{"line":20,"column":147},"end":{"line":20,"column":167}},"20":{"start":{"line":20,"column":193},"end":{"line":20,"column":264}},"21":{"start":{"line":20,"column":290},"end":{"line":20,"column":360}},"22":{"start":{"line":20,"column":363},"end":{"line":20,"column":380}},"23":{"start":{"line":22,"column":50},"end":{"line":22,"column":151}},"24":{"start":{"line":22,"column":92},"end":{"line":22,"column":149}},"25":{"start":{"line":24,"column":44},"end":{"line":24,"column":315}},"26":{"start":{"line":24,"column":57},"end":{"line":24,"column":58}},"27":{"start":{"line":24,"column":102},"end":{"line":24,"column":110}},"28":{"start":{"line":24,"column":112},"end":{"line":24,"column":167}},"29":{"start":{"line":24,"column":168},"end":{"line":24,"column":199}},"30":{"start":{"line":24,"column":200},"end":{"line":24,"column":254}},"31":{"start":{"line":24,"column":227},"end":{"line":24,"column":254}},"32":{"start":{"line":24,"column":255},"end":{"line":24,"column":313}},"33":{"start":{"line":26,"column":62},"end":{"line":26,"column":131}},"34":{"start":{"line":26,"column":78},"end":{"line":26,"column":131}},"35":{"start":{"line":26,"column":132},"end":{"line":26,"column":193}},"36":{"start":{"line":26,"column":149},"end":{"line":26,"column":193}},"37":{"start":{"line":26,"column":194},"end":{"line":26,"column":213}},"38":{"start":{"line":28,"column":44},"end":{"line":28,"column":195}},"39":{"start":{"line":28,"column":62},"end":{"line":28,"column":166}},"40":{"start":{"line":28,"column":176},"end":{"line":28,"column":193}},"41":{"start":{"line":28,"column":196},"end":{"line":28,"column":207}},"42":{"start":{"line":30,"column":0},"end":{"line":30,"column":28}},"43":{"start":{"line":34,"column":0},"end":{"line":175,"column":3}},"44":{"start":{"line":36,"column":4},"end":{"line":36,"column":38}},"45":{"start":{"line":38,"column":4},"end":{"line":98,"column":9}},"46":{"start":{"line":41,"column":17},"end":{"line":93,"column":9}},"47":{"start":{"line":46,"column":8},"end":{"line":92,"column":37}},"48":{"start":{"line":47,"column":10},"end":{"line":91,"column":11}},"49":{"start":{"line":48,"column":12},"end":{"line":90,"column":13}},"50":{"start":{"line":50,"column":16},"end":{"line":50,"column":157}},"51":{"start":{"line":51,"column":16},"end":{"line":51,"column":73}},"52":{"start":{"line":52,"column":16},"end":{"line":52,"column":68}},"53":{"start":{"line":53,"column":16},"end":{"line":53,"column":34}},"54":{"start":{"line":54,"column":16},"end":{"line":54,"column":34}},"55":{"start":{"line":55,"column":16},"end":{"line":55,"column":69}},"56":{"start":{"line":58,"column":16},"end":{"line":58,"column":40}},"57":{"start":{"line":60,"column":16},"end":{"line":63,"column":17}},"58":{"start":{"line":61,"column":18},"end":{"line":61,"column":36}},"59":{"start":{"line":62,"column":18},"end":{"line":62,"column":24}},"60":{"start":{"line":65,"column":16},"end":{"line":68,"column":20}},"61":{"start":{"line":71,"column":16},"end":{"line":71,"column":72}},"62":{"start":{"line":72,"column":16},"end":{"line":78,"column":20}},"63":{"start":{"line":81,"column":16},"end":{"line":81,"column":35}},"64":{"start":{"line":82,"column":16},"end":{"line":82,"column":51}},"65":{"start":{"line":83,"column":16},"end":{"line":85,"column":20}},"66":{"start":{"line":89,"column":16},"end":{"line":89,"column":39}},"67":{"start":{"line":95,"column":6},"end":{"line":97,"column":8}},"68":{"start":{"line":96,"column":8},"end":{"line":96,"column":43}},"69":{"start":{"line":101,"column":2},"end":{"line":172,"column":6}},"70":{"start":{"line":104,"column":19},"end":{"line":164,"column":9}},"71":{"start":{"line":109,"column":8},"end":{"line":163,"column":38}},"72":{"start":{"line":110,"column":10},"end":{"line":162,"column":11}},"73":{"start":{"line":111,"column":12},"end":{"line":161,"column":13}},"74":{"start":{"line":113,"column":16},"end":{"line":113,"column":96}},"75":{"start":{"line":114,"column":16},"end":{"line":114,"column":35}},"76":{"start":{"line":115,"column":16},"end":{"line":115,"column":35}},"77":{"start":{"line":116,"column":16},"end":{"line":116,"column":67}},"78":{"start":{"line":119,"column":16},"end":{"line":119,"column":44}},"79":{"start":{"line":121,"column":16},"end":{"line":124,"column":17}},"80":{"start":{"line":122,"column":18},"end":{"line":122,"column":37}},"81":{"start":{"line":123,"column":18},"end":{"line":123,"column":24}},"82":{"start":{"line":126,"column":16},"end":{"line":129,"column":20}},"83":{"start":{"line":132,"column":16},"end":{"line":135,"column":17}},"84":{"start":{"line":133,"column":18},"end":{"line":133,"column":37}},"85":{"start":{"line":134,"column":18},"end":{"line":134,"column":24}},"86":{"start":{"line":137,"column":16},"end":{"line":140,"column":20}},"87":{"start":{"line":143,"column":16},"end":{"line":143,"column":75}},"88":{"start":{"line":144,"column":16},"end":{"line":149,"column":20}},"89":{"start":{"line":152,"column":16},"end":{"line":152,"column":36}},"90":{"start":{"line":153,"column":16},"end":{"line":153,"column":53}},"91":{"start":{"line":154,"column":16},"end":{"line":156,"column":20}},"92":{"start":{"line":160,"column":16},"end":{"line":160,"column":40}},"93":{"start":{"line":167,"column":8},"end":{"line":167,"column":45}},"94":{"start":{"line":170,"column":6},"end":{"line":170,"column":19}},"95":{"start":{"line":174,"column":2},"end":{"line":174,"column":20}},"96":{"start":{"line":177,"column":15},"end":{"line":177,"column":31}},"97":{"start":{"line":179,"column":0},"end":{"line":179,"column":30}}},"fnMap":{"0":{"name":"_interopRequireDefault","decl":{"start":{"line":16,"column":9},"end":{"line":16,"column":31}},"loc":{"start":{"line":16,"column":37},"end":{"line":16,"column":97}},"line":16},"1":{"name":"asyncGeneratorStep","decl":{"start":{"line":18,"column":9},"end":{"line":18,"column":27}},"loc":{"start":{"line":18,"column":75},"end":{"line":18,"column":265}},"line":18},"2":{"name":"_asyncToGenerator","decl":{"start":{"line":20,"column":9},"end":{"line":20,"column":26}},"loc":{"start":{"line":20,"column":31},"end":{"line":20,"column":389}},"line":20},"3":{"name":"(anonymous_3)","decl":{"start":{"line":20,"column":40},"end":{"line":20,"column":41}},"loc":{"start":{"line":20,"column":52},"end":{"line":20,"column":386}},"line":20},"4":{"name":"(anonymous_4)","decl":{"start":{"line":20,"column":108},"end":{"line":20,"column":109}},"loc":{"start":{"line":20,"column":135},"end":{"line":20,"column":382}},"line":20},"5":{"name":"_next","decl":{"start":{"line":20,"column":178},"end":{"line":20,"column":183}},"loc":{"start":{"line":20,"column":191},"end":{"line":20,"column":266}},"line":20},"6":{"name":"_throw","decl":{"start":{"line":20,"column":276},"end":{"line":20,"column":282}},"loc":{"start":{"line":20,"column":288},"end":{"line":20,"column":362}},"line":20},"7":{"name":"_classCallCheck","decl":{"start":{"line":22,"column":9},"end":{"line":22,"column":24}},"loc":{"start":{"line":22,"column":48},"end":{"line":22,"column":153}},"line":22},"8":{"name":"_defineProperties","decl":{"start":{"line":24,"column":9},"end":{"line":24,"column":26}},"loc":{"start":{"line":24,"column":42},"end":{"line":24,"column":317}},"line":24},"9":{"name":"_createClass","decl":{"start":{"line":26,"column":9},"end":{"line":26,"column":21}},"loc":{"start":{"line":26,"column":60},"end":{"line":26,"column":215}},"line":26},"10":{"name":"_defineProperty","decl":{"start":{"line":28,"column":9},"end":{"line":28,"column":24}},"loc":{"start":{"line":28,"column":42},"end":{"line":28,"column":209}},"line":28},"11":{"name":"(anonymous_11)","decl":{"start":{"line":34,"column":0},"end":{"line":34,"column":1}},"loc":{"start":{"line":34,"column":12},"end":{"line":175,"column":1}},"line":34},"12":{"name":"Registered","decl":{"start":{"line":35,"column":11},"end":{"line":35,"column":21}},"loc":{"start":{"line":35,"column":24},"end":{"line":99,"column":3}},"line":35},"13":{"name":"(anonymous_13)","decl":{"start":{"line":40,"column":4},"end":{"line":40,"column":5}},"loc":{"start":{"line":40,"column":16},"end":{"line":98,"column":5}},"line":40},"14":{"name":"_callee","decl":{"start":{"line":43,"column":39},"end":{"line":43,"column":46}},"loc":{"start":{"line":43,"column":57},"end":{"line":93,"column":7}},"line":43},"15":{"name":"_callee$","decl":{"start":{"line":46,"column":48},"end":{"line":46,"column":56}},"loc":{"start":{"line":46,"column":67},"end":{"line":92,"column":9}},"line":46},"16":{"name":"(anonymous_16)","decl":{"start":{"line":95,"column":13},"end":{"line":95,"column":14}},"loc":{"start":{"line":95,"column":32},"end":{"line":97,"column":7}},"line":95},"17":{"name":"(anonymous_17)","decl":{"start":{"line":103,"column":11},"end":{"line":103,"column":12}},"loc":{"start":{"line":103,"column":23},"end":{"line":171,"column":5}},"line":103},"18":{"name":"_callee2","decl":{"start":{"line":106,"column":39},"end":{"line":106,"column":47}},"loc":{"start":{"line":106,"column":58},"end":{"line":164,"column":7}},"line":106},"19":{"name":"_callee2$","decl":{"start":{"line":109,"column":48},"end":{"line":109,"column":57}},"loc":{"start":{"line":109,"column":69},"end":{"line":163,"column":9}},"line":109},"20":{"name":"login","decl":{"start":{"line":166,"column":15},"end":{"line":166,"column":20}},"loc":{"start":{"line":166,"column":31},"end":{"line":168,"column":7}},"line":166}},"branchMap":{"0":{"loc":{"start":{"line":16,"column":46},"end":{"line":16,"column":94}},"type":"cond-expr","locations":[{"start":{"line":16,"column":70},"end":{"line":16,"column":73}},{"start":{"line":16,"column":76},"end":{"line":16,"column":94}}],"line":16},"1":{"loc":{"start":{"line":16,"column":46},"end":{"line":16,"column":67}},"type":"binary-expr","locations":[{"start":{"line":16,"column":46},"end":{"line":16,"column":49}},{"start":{"line":16,"column":53},"end":{"line":16,"column":67}}],"line":16},"2":{"loc":{"start":{"line":18,"column":176},"end":{"line":18,"column":263}},"type":"if","locations":[{"start":{"line":18,"column":176},"end":{"line":18,"column":263}},{"start":{"line":18,"column":176},"end":{"line":18,"column":263}}],"line":18},"3":{"loc":{"start":{"line":22,"column":50},"end":{"line":22,"column":151}},"type":"if","locations":[{"start":{"line":22,"column":50},"end":{"line":22,"column":151}},{"start":{"line":22,"column":50},"end":{"line":22,"column":151}}],"line":22},"4":{"loc":{"start":{"line":24,"column":136},"end":{"line":24,"column":166}},"type":"binary-expr","locations":[{"start":{"line":24,"column":136},"end":{"line":24,"column":157}},{"start":{"line":24,"column":161},"end":{"line":24,"column":166}}],"line":24},"5":{"loc":{"start":{"line":24,"column":200},"end":{"line":24,"column":254}},"type":"if","locations":[{"start":{"line":24,"column":200},"end":{"line":24,"column":254}},{"start":{"line":24,"column":200},"end":{"line":24,"column":254}}],"line":24},"6":{"loc":{"start":{"line":26,"column":62},"end":{"line":26,"column":131}},"type":"if","locations":[{"start":{"line":26,"column":62},"end":{"line":26,"column":131}},{"start":{"line":26,"column":62},"end":{"line":26,"column":131}}],"line":26},"7":{"loc":{"start":{"line":26,"column":132},"end":{"line":26,"column":193}},"type":"if","locations":[{"start":{"line":26,"column":132},"end":{"line":26,"column":193}},{"start":{"line":26,"column":132},"end":{"line":26,"column":193}}],"line":26},"8":{"loc":{"start":{"line":28,"column":44},"end":{"line":28,"column":195}},"type":"if","locations":[{"start":{"line":28,"column":44},"end":{"line":28,"column":195}},{"start":{"line":28,"column":44},"end":{"line":28,"column":195}}],"line":28},"9":{"loc":{"start":{"line":48,"column":12},"end":{"line":90,"column":13}},"type":"switch","locations":[{"start":{"line":49,"column":14},"end":{"line":55,"column":69}},{"start":{"line":57,"column":14},"end":{"line":68,"column":20}},{"start":{"line":70,"column":14},"end":{"line":78,"column":20}},{"start":{"line":80,"column":14},"end":{"line":85,"column":20}},{"start":{"line":87,"column":14},"end":{"line":87,"column":22}},{"start":{"line":88,"column":14},"end":{"line":89,"column":39}}],"line":48},"10":{"loc":{"start":{"line":60,"column":16},"end":{"line":63,"column":17}},"type":"if","locations":[{"start":{"line":60,"column":16},"end":{"line":63,"column":17}},{"start":{"line":60,"column":16},"end":{"line":63,"column":17}}],"line":60},"11":{"loc":{"start":{"line":111,"column":12},"end":{"line":161,"column":13}},"type":"switch","locations":[{"start":{"line":112,"column":14},"end":{"line":116,"column":67}},{"start":{"line":118,"column":14},"end":{"line":129,"column":20}},{"start":{"line":131,"column":14},"end":{"line":140,"column":20}},{"start":{"line":142,"column":14},"end":{"line":149,"column":20}},{"start":{"line":151,"column":14},"end":{"line":156,"column":20}},{"start":{"line":158,"column":14},"end":{"line":158,"column":22}},{"start":{"line":159,"column":14},"end":{"line":160,"column":40}}],"line":111},"12":{"loc":{"start":{"line":121,"column":16},"end":{"line":124,"column":17}},"type":"if","locations":[{"start":{"line":121,"column":16},"end":{"line":124,"column":17}},{"start":{"line":121,"column":16},"end":{"line":124,"column":17}}],"line":121},"13":{"loc":{"start":{"line":132,"column":16},"end":{"line":135,"column":17}},"type":"if","locations":[{"start":{"line":132,"column":16},"end":{"line":135,"column":17}},{"start":{"line":132,"column":16},"end":{"line":135,"column":17}}],"line":132}},"s":{"0":1,"1":1,"2":1,"3":1,"4":1,"5":1,"6":3,"7":10,"8":10,"9":10,"10":0,"11":0,"12":10,"13":5,"14":5,"15":2,"16":5,"17":5,"18":5,"19":5,"20":10,"21":0,"22":5,"23":1,"24":0,"25":1,"26":1,"27":1,"28":1,"29":1,"30":1,"31":1,"32":1,"33":1,"34":1,"35":1,"36":0,"37":1,"38":1,"39":0,"40":1,"41":1,"42":1,"43":1,"44":1,"45":1,"46":1,"47":2,"48":6,"49":7,"50":2,"51":2,"52":2,"53":2,"54":2,"55":2,"56":2,"57":2,"58":1,"59":1,"60":1,"61":1,"62":1,"63":0,"64":0,"65":0,"66":2,"67":1,"68":2,"69":1,"70":1,"71":3,"72":9,"73":12,"74":3,"75":3,"76":3,"77":3,"78":3,"79":3,"80":2,"81":2,"82":1,"83":2,"84":1,"85":1,"86":1,"87":1,"88":1,"89":0,"90":0,"91":0,"92":3,"93":3,"94":1,"95":1,"96":1,"97":1},"f":{"0":3,"1":10,"2":2,"3":5,"4":5,"5":10,"6":0,"7":1,"8":1,"9":1,"10":1,"11":1,"12":1,"13":1,"14":2,"15":6,"16":2,"17":1,"18":3,"19":9,"20":3},"b":{"0":[2,1],"1":[3,3],"2":[5,5],"3":[0,1],"4":[1,1],"5":[1,0],"6":[1,0],"7":[0,1],"8":[0,1],"9":[2,2,1,0,0,2],"10":[1,1],"11":[3,3,2,1,0,0,3],"12":[2,1],"13":[1,1]},"_coverageSchema":"43e27e138ebf9cfc5966b082cf9a028302ed4184","hash":"75a6eca37e400006a869ed058d606242a9ac1d34","contentHash":"46973f2e4e461ea7fef4defcead841a862f0c2054d103e89414ca92ca0127918"},"C:\\Users\\25078\\Desktop\\amani\\mydairy\\server\\helpers\\helper.js":{"path":"C:\\Users\\25078\\Desktop\\amani\\mydairy\\server\\helpers\\helper.js","statementMap":{"0":{"start":{"line":3,"column":0},"end":{"line":5,"column":3}},"1":{"start":{"line":6,"column":0},"end":{"line":6,"column":28}},"2":{"start":{"line":8,"column":14},"end":{"line":8,"column":55}},"3":{"start":{"line":10,"column":20},"end":{"line":10,"column":67}},"4":{"start":{"line":12,"column":14},"end":{"line":12,"column":55}},"5":{"start":{"line":14,"column":39},"end":{"line":14,"column":95}},"6":{"start":{"line":16,"column":0},"end":{"line":16,"column":28}},"7":{"start":{"line":18,"column":13},"end":{"line":34,"column":1}},"8":{"start":{"line":20,"column":4},"end":{"line":20,"column":84}},"9":{"start":{"line":23,"column":4},"end":{"line":23,"column":66}},"10":{"start":{"line":26,"column":16},"end":{"line":30,"column":6}},"11":{"start":{"line":32,"column":4},"end":{"line":32,"column":17}},"12":{"start":{"line":35,"column":15},"end":{"line":35,"column":21}},"13":{"start":{"line":36,"column":0},"end":{"line":36,"column":30}}},"fnMap":{"0":{"name":"_interopRequireDefault","decl":{"start":{"line":14,"column":9},"end":{"line":14,"column":31}},"loc":{"start":{"line":14,"column":37},"end":{"line":14,"column":97}},"line":14},"1":{"name":"hashPassword","decl":{"start":{"line":19,"column":25},"end":{"line":19,"column":37}},"loc":{"start":{"line":19,"column":48},"end":{"line":21,"column":3}},"line":19},"2":{"name":"comparePassword","decl":{"start":{"line":22,"column":28},"end":{"line":22,"column":43}},"loc":{"start":{"line":22,"column":68},"end":{"line":24,"column":3}},"line":22},"3":{"name":"generateToken","decl":{"start":{"line":25,"column":26},"end":{"line":25,"column":39}},"loc":{"start":{"line":25,"column":47},"end":{"line":33,"column":3}},"line":25}},"branchMap":{"0":{"loc":{"start":{"line":14,"column":46},"end":{"line":14,"column":94}},"type":"cond-expr","locations":[{"start":{"line":14,"column":70},"end":{"line":14,"column":73}},{"start":{"line":14,"column":76},"end":{"line":14,"column":94}}],"line":14},"1":{"loc":{"start":{"line":14,"column":46},"end":{"line":14,"column":67}},"type":"binary-expr","locations":[{"start":{"line":14,"column":46},"end":{"line":14,"column":49}},{"start":{"line":14,"column":53},"end":{"line":14,"column":67}}],"line":14}},"s":{"0":1,"1":1,"2":1,"3":1,"4":1,"5":3,"6":1,"7":1,"8":2,"9":2,"10":3,"11":3,"12":1,"13":1},"f":{"0":3,"1":2,"2":2,"3":3},"b":{"0":[0,3],"1":[3,3]},"_coverageSchema":"43e27e138ebf9cfc5966b082cf9a028302ed4184","hash":"3469d7b27979459cead92eb7f6cb2183aad72bb8","contentHash":"d9367febdb57a51954f71733ef412fdbf9d4a1c9f4031163e5a49c9c403c319e"},"C:\\Users\\25078\\Desktop\\amani\\mydairy\\server\\services\\userService.js":{"path":"C:\\Users\\25078\\Desktop\\amani\\mydairy\\server\\services\\userService.js","statementMap":{"0":{"start":{"line":3,"column":0},"end":{"line":5,"column":3}},"1":{"start":{"line":6,"column":0},"end":{"line":6,"column":28}},"2":{"start":{"line":8,"column":13},"end":{"line":8,"column":59}},"3":{"start":{"line":10,"column":0},"end":{"line":10,"column":37}},"4":{"start":{"line":12,"column":39},"end":{"line":12,"column":95}},"5":{"start":{"line":14,"column":77},"end":{"line":14,"column":175}},"6":{"start":{"line":14,"column":94},"end":{"line":14,"column":107}},"7":{"start":{"line":14,"column":121},"end":{"line":14,"column":131}},"8":{"start":{"line":14,"column":151},"end":{"line":14,"column":165}},"9":{"start":{"line":14,"column":166},"end":{"line":14,"column":173}},"10":{"start":{"line":14,"column":176},"end":{"line":14,"column":263}},"11":{"start":{"line":14,"column":193},"end":{"line":14,"column":208}},"12":{"start":{"line":14,"column":218},"end":{"line":14,"column":261}},"13":{"start":{"line":16,"column":33},"end":{"line":16,"column":387}},"14":{"start":{"line":16,"column":65},"end":{"line":16,"column":69}},"15":{"start":{"line":16,"column":78},"end":{"line":16,"column":87}},"16":{"start":{"line":16,"column":89},"end":{"line":16,"column":384}},"17":{"start":{"line":16,"column":147},"end":{"line":16,"column":167}},"18":{"start":{"line":16,"column":193},"end":{"line":16,"column":264}},"19":{"start":{"line":16,"column":290},"end":{"line":16,"column":360}},"20":{"start":{"line":16,"column":363},"end":{"line":16,"column":380}},"21":{"start":{"line":18,"column":18},"end":{"line":96,"column":1}},"22":{"start":{"line":20,"column":25},"end":{"line":49,"column":7}},"23":{"start":{"line":24,"column":6},"end":{"line":48,"column":34}},"24":{"start":{"line":25,"column":8},"end":{"line":47,"column":9}},"25":{"start":{"line":26,"column":10},"end":{"line":46,"column":11}},"26":{"start":{"line":28,"column":14},"end":{"line":28,"column":139}},"27":{"start":{"line":29,"column":14},"end":{"line":29,"column":32}},"28":{"start":{"line":30,"column":14},"end":{"line":30,"column":32}},"29":{"start":{"line":31,"column":14},"end":{"line":31,"column":61}},"30":{"start":{"line":34,"column":14},"end":{"line":34,"column":38}},"31":{"start":{"line":35,"column":14},"end":{"line":35,"column":34}},"32":{"start":{"line":36,"column":14},"end":{"line":36,"column":56}},"33":{"start":{"line":39,"column":14},"end":{"line":39,"column":32}},"34":{"start":{"line":40,"column":14},"end":{"line":40,"column":49}},"35":{"start":{"line":41,"column":14},"end":{"line":41,"column":75}},"36":{"start":{"line":45,"column":14},"end":{"line":45,"column":37}},"37":{"start":{"line":52,"column":6},"end":{"line":52,"column":51}},"38":{"start":{"line":55,"column":4},"end":{"line":55,"column":25}},"39":{"start":{"line":58,"column":24},"end":{"line":88,"column":7}},"40":{"start":{"line":63,"column":6},"end":{"line":87,"column":35}},"41":{"start":{"line":64,"column":8},"end":{"line":86,"column":9}},"42":{"start":{"line":65,"column":10},"end":{"line":85,"column":11}},"43":{"start":{"line":67,"column":14},"end":{"line":67,"column":60}},"44":{"start":{"line":68,"column":14},"end":{"line":68,"column":33}},"45":{"start":{"line":69,"column":14},"end":{"line":69,"column":33}},"46":{"start":{"line":70,"column":14},"end":{"line":70,"column":62}},"47":{"start":{"line":73,"column":14},"end":{"line":73,"column":36}},"48":{"start":{"line":74,"column":14},"end":{"line":74,"column":31}},"49":{"start":{"line":75,"column":14},"end":{"line":75,"column":57}},"50":{"start":{"line":78,"column":14},"end":{"line":78,"column":33}},"51":{"start":{"line":79,"column":14},"end":{"line":79,"column":51}},"52":{"start":{"line":80,"column":14},"end":{"line":80,"column":65}},"53":{"start":{"line":84,"column":14},"end":{"line":84,"column":38}},"54":{"start":{"line":91,"column":6},"end":{"line":91,"column":50}},"55":{"start":{"line":94,"column":4},"end":{"line":94,"column":24}},"56":{"start":{"line":97,"column":15},"end":{"line":97,"column":26}},"57":{"start":{"line":98,"column":0},"end":{"line":98,"column":30}}},"fnMap":{"0":{"name":"_interopRequireDefault","decl":{"start":{"line":12,"column":9},"end":{"line":12,"column":31}},"loc":{"start":{"line":12,"column":37},"end":{"line":12,"column":97}},"line":12},"1":{"name":"asyncGeneratorStep","decl":{"start":{"line":14,"column":9},"end":{"line":14,"column":27}},"loc":{"start":{"line":14,"column":75},"end":{"line":14,"column":265}},"line":14},"2":{"name":"_asyncToGenerator","decl":{"start":{"line":16,"column":9},"end":{"line":16,"column":26}},"loc":{"start":{"line":16,"column":31},"end":{"line":16,"column":389}},"line":16},"3":{"name":"(anonymous_3)","decl":{"start":{"line":16,"column":40},"end":{"line":16,"column":41}},"loc":{"start":{"line":16,"column":52},"end":{"line":16,"column":386}},"line":16},"4":{"name":"(anonymous_4)","decl":{"start":{"line":16,"column":108},"end":{"line":16,"column":109}},"loc":{"start":{"line":16,"column":135},"end":{"line":16,"column":382}},"line":16},"5":{"name":"_next","decl":{"start":{"line":16,"column":178},"end":{"line":16,"column":183}},"loc":{"start":{"line":16,"column":191},"end":{"line":16,"column":266}},"line":16},"6":{"name":"_throw","decl":{"start":{"line":16,"column":276},"end":{"line":16,"column":282}},"loc":{"start":{"line":16,"column":288},"end":{"line":16,"column":362}},"line":16},"7":{"name":"(anonymous_7)","decl":{"start":{"line":19,"column":17},"end":{"line":19,"column":18}},"loc":{"start":{"line":19,"column":29},"end":{"line":56,"column":3}},"line":19},"8":{"name":"_callee","decl":{"start":{"line":22,"column":37},"end":{"line":22,"column":44}},"loc":{"start":{"line":22,"column":53},"end":{"line":49,"column":5}},"line":22},"9":{"name":"_callee$","decl":{"start":{"line":24,"column":46},"end":{"line":24,"column":54}},"loc":{"start":{"line":24,"column":65},"end":{"line":48,"column":7}},"line":24},"10":{"name":"signupService","decl":{"start":{"line":51,"column":13},"end":{"line":51,"column":26}},"loc":{"start":{"line":51,"column":31},"end":{"line":53,"column":5}},"line":51},"11":{"name":"(anonymous_11)","decl":{"start":{"line":57,"column":16},"end":{"line":57,"column":17}},"loc":{"start":{"line":57,"column":28},"end":{"line":95,"column":3}},"line":57},"12":{"name":"_callee2","decl":{"start":{"line":60,"column":37},"end":{"line":60,"column":45}},"loc":{"start":{"line":60,"column":53},"end":{"line":88,"column":5}},"line":60},"13":{"name":"_callee2$","decl":{"start":{"line":63,"column":46},"end":{"line":63,"column":55}},"loc":{"start":{"line":63,"column":67},"end":{"line":87,"column":7}},"line":63},"14":{"name":"loginService","decl":{"start":{"line":90,"column":13},"end":{"line":90,"column":25}},"loc":{"start":{"line":90,"column":31},"end":{"line":92,"column":5}},"line":90}},"branchMap":{"0":{"loc":{"start":{"line":12,"column":46},"end":{"line":12,"column":94}},"type":"cond-expr","locations":[{"start":{"line":12,"column":70},"end":{"line":12,"column":73}},{"start":{"line":12,"column":76},"end":{"line":12,"column":94}}],"line":12},"1":{"loc":{"start":{"line":12,"column":46},"end":{"line":12,"column":67}},"type":"binary-expr","locations":[{"start":{"line":12,"column":46},"end":{"line":12,"column":49}},{"start":{"line":12,"column":53},"end":{"line":12,"column":67}}],"line":12},"2":{"loc":{"start":{"line":14,"column":176},"end":{"line":14,"column":263}},"type":"if","locations":[{"start":{"line":14,"column":176},"end":{"line":14,"column":263}},{"start":{"line":14,"column":176},"end":{"line":14,"column":263}}],"line":14},"3":{"loc":{"start":{"line":26,"column":10},"end":{"line":46,"column":11}},"type":"switch","locations":[{"start":{"line":27,"column":12},"end":{"line":31,"column":61}},{"start":{"line":33,"column":12},"end":{"line":36,"column":56}},{"start":{"line":38,"column":12},"end":{"line":41,"column":75}},{"start":{"line":43,"column":12},"end":{"line":43,"column":20}},{"start":{"line":44,"column":12},"end":{"line":45,"column":37}}],"line":26},"4":{"loc":{"start":{"line":65,"column":10},"end":{"line":85,"column":11}},"type":"switch","locations":[{"start":{"line":66,"column":12},"end":{"line":70,"column":62}},{"start":{"line":72,"column":12},"end":{"line":75,"column":57}},{"start":{"line":77,"column":12},"end":{"line":80,"column":65}},{"start":{"line":82,"column":12},"end":{"line":82,"column":20}},{"start":{"line":83,"column":12},"end":{"line":84,"column":38}}],"line":65}},"s":{"0":1,"1":1,"2":1,"3":1,"4":1,"5":10,"6":10,"7":10,"8":0,"9":0,"10":10,"11":5,"12":5,"13":2,"14":5,"15":5,"16":5,"17":5,"18":10,"19":0,"20":5,"21":1,"22":1,"23":2,"24":6,"25":6,"26":2,"27":2,"28":2,"29":2,"30":2,"31":2,"32":2,"33":1,"34":1,"35":1,"36":2,"37":2,"38":1,"39":1,"40":3,"41":9,"42":9,"43":3,"44":3,"45":3,"46":3,"47":3,"48":3,"49":3,"50":0,"51":0,"52":0,"53":3,"54":3,"55":1,"56":1,"57":1},"f":{"0":1,"1":10,"2":2,"3":5,"4":5,"5":10,"6":0,"7":1,"8":2,"9":6,"10":2,"11":1,"12":3,"13":9,"14":3},"b":{"0":[1,0],"1":[1,1],"2":[5,5],"3":[2,2,1,1,2],"4":[3,3,0,0,3]},"_coverageSchema":"43e27e138ebf9cfc5966b082cf9a028302ed4184","hash":"eeaea905cedc6c8f039fb765ccebe5afc77e1143","contentHash":"0eb1795213d35ac12264ec97fe34a2d698847823c7d3300dbe73eb5f2a626417"},"C:\\Users\\25078\\Desktop\\amani\\mydairy\\server\\db\\users.js":{"path":"C:\\Users\\25078\\Desktop\\amani\\mydairy\\server\\db\\users.js","statementMap":{"0":{"start":{"line":3,"column":0},"end":{"line":5,"column":3}},"1":{"start":{"line":6,"column":0},"end":{"line":6,"column":28}},"2":{"start":{"line":8,"column":10},"end":{"line":8,"column":23}},"3":{"start":{"line":10,"column":14},"end":{"line":10,"column":55}},"4":{"start":{"line":12,"column":0},"end":{"line":12,"column":37}},"5":{"start":{"line":14,"column":39},"end":{"line":14,"column":95}},"6":{"start":{"line":16,"column":77},"end":{"line":16,"column":175}},"7":{"start":{"line":16,"column":94},"end":{"line":16,"column":107}},"8":{"start":{"line":16,"column":121},"end":{"line":16,"column":131}},"9":{"start":{"line":16,"column":151},"end":{"line":16,"column":165}},"10":{"start":{"line":16,"column":166},"end":{"line":16,"column":173}},"11":{"start":{"line":16,"column":176},"end":{"line":16,"column":263}},"12":{"start":{"line":16,"column":193},"end":{"line":16,"column":208}},"13":{"start":{"line":16,"column":218},"end":{"line":16,"column":261}},"14":{"start":{"line":18,"column":33},"end":{"line":18,"column":387}},"15":{"start":{"line":18,"column":65},"end":{"line":18,"column":69}},"16":{"start":{"line":18,"column":78},"end":{"line":18,"column":87}},"17":{"start":{"line":18,"column":89},"end":{"line":18,"column":384}},"18":{"start":{"line":18,"column":147},"end":{"line":18,"column":167}},"19":{"start":{"line":18,"column":193},"end":{"line":18,"column":264}},"20":{"start":{"line":18,"column":290},"end":{"line":18,"column":360}},"21":{"start":{"line":18,"column":363},"end":{"line":18,"column":380}},"22":{"start":{"line":20,"column":50},"end":{"line":20,"column":151}},"23":{"start":{"line":20,"column":92},"end":{"line":20,"column":149}},"24":{"start":{"line":22,"column":44},"end":{"line":22,"column":315}},"25":{"start":{"line":22,"column":57},"end":{"line":22,"column":58}},"26":{"start":{"line":22,"column":102},"end":{"line":22,"column":110}},"27":{"start":{"line":22,"column":112},"end":{"line":22,"column":167}},"28":{"start":{"line":22,"column":168},"end":{"line":22,"column":199}},"29":{"start":{"line":22,"column":200},"end":{"line":22,"column":254}},"30":{"start":{"line":22,"column":227},"end":{"line":22,"column":254}},"31":{"start":{"line":22,"column":255},"end":{"line":22,"column":313}},"32":{"start":{"line":24,"column":62},"end":{"line":24,"column":131}},"33":{"start":{"line":24,"column":78},"end":{"line":24,"column":131}},"34":{"start":{"line":24,"column":132},"end":{"line":24,"column":193}},"35":{"start":{"line":24,"column":149},"end":{"line":24,"column":193}},"36":{"start":{"line":24,"column":194},"end":{"line":24,"column":213}},"37":{"start":{"line":26,"column":44},"end":{"line":26,"column":195}},"38":{"start":{"line":26,"column":62},"end":{"line":26,"column":166}},"39":{"start":{"line":26,"column":176},"end":{"line":26,"column":193}},"40":{"start":{"line":26,"column":196},"end":{"line":26,"column":207}},"41":{"start":{"line":28,"column":0},"end":{"line":28,"column":28}},"42":{"start":{"line":32,"column":0},"end":{"line":148,"column":3}},"43":{"start":{"line":34,"column":4},"end":{"line":34,"column":32}},"44":{"start":{"line":36,"column":4},"end":{"line":36,"column":265}},"45":{"start":{"line":38,"column":4},"end":{"line":38,"column":219}},"46":{"start":{"line":40,"column":4},"end":{"line":42,"column":7}},"47":{"start":{"line":43,"column":4},"end":{"line":47,"column":7}},"48":{"start":{"line":44,"column":6},"end":{"line":44,"column":41}},"49":{"start":{"line":46,"column":6},"end":{"line":46,"column":28}},"50":{"start":{"line":48,"column":4},"end":{"line":48,"column":22}},"51":{"start":{"line":51,"column":2},"end":{"line":145,"column":6}},"52":{"start":{"line":54,"column":21},"end":{"line":106,"column":9}},"53":{"start":{"line":59,"column":20},"end":{"line":59,"column":29}},"54":{"start":{"line":60,"column":8},"end":{"line":105,"column":45}},"55":{"start":{"line":61,"column":10},"end":{"line":104,"column":11}},"56":{"start":{"line":62,"column":12},"end":{"line":103,"column":13}},"57":{"start":{"line":64,"column":16},"end":{"line":64,"column":82}},"58":{"start":{"line":65,"column":16},"end":{"line":65,"column":34}},"59":{"start":{"line":66,"column":16},"end":{"line":66,"column":43}},"60":{"start":{"line":69,"column":16},"end":{"line":69,"column":43}},"61":{"start":{"line":70,"column":16},"end":{"line":70,"column":34}},"62":{"start":{"line":72,"column":16},"end":{"line":75,"column":17}},"63":{"start":{"line":73,"column":18},"end":{"line":73,"column":36}},"64":{"start":{"line":74,"column":18},"end":{"line":74,"column":24}},"65":{"start":{"line":77,"column":16},"end":{"line":77,"column":34}},"66":{"start":{"line":78,"column":16},"end":{"line":78,"column":51}},"67":{"start":{"line":81,"column":16},"end":{"line":81,"column":64}},"68":{"start":{"line":84,"column":16},"end":{"line":84,"column":35}},"69":{"start":{"line":85,"column":16},"end":{"line":85,"column":45}},"70":{"start":{"line":88,"column":16},"end":{"line":88,"column":64}},"71":{"start":{"line":91,"column":16},"end":{"line":91,"column":35}},"72":{"start":{"line":92,"column":16},"end":{"line":92,"column":51}},"73":{"start":{"line":93,"column":16},"end":{"line":93,"column":62}},"74":{"start":{"line":96,"column":16},"end":{"line":96,"column":35}},"75":{"start":{"line":97,"column":16},"end":{"line":97,"column":37}},"76":{"start":{"line":98,"column":16},"end":{"line":98,"column":43}},"77":{"start":{"line":102,"column":16},"end":{"line":102,"column":39}},"78":{"start":{"line":109,"column":8},"end":{"line":109,"column":47}},"79":{"start":{"line":112,"column":6},"end":{"line":112,"column":21}},"80":{"start":{"line":117,"column":24},"end":{"line":137,"column":9}},"81":{"start":{"line":120,"column":8},"end":{"line":136,"column":27}},"82":{"start":{"line":121,"column":10},"end":{"line":135,"column":11}},"83":{"start":{"line":122,"column":12},"end":{"line":134,"column":13}},"84":{"start":{"line":124,"column":16},"end":{"line":124,"column":35}},"85":{"start":{"line":125,"column":16},"end":{"line":125,"column":58}},"86":{"start":{"line":128,"column":16},"end":{"line":128,"column":35}},"87":{"start":{"line":129,"column":16},"end":{"line":129,"column":61}},"88":{"start":{"line":133,"column":16},"end":{"line":133,"column":40}},"89":{"start":{"line":140,"column":8},"end":{"line":140,"column":50}},"90":{"start":{"line":143,"column":6},"end":{"line":143,"column":24}},"91":{"start":{"line":147,"column":2},"end":{"line":147,"column":14}},"92":{"start":{"line":150,"column":15},"end":{"line":150,"column":25}},"93":{"start":{"line":152,"column":0},"end":{"line":152,"column":30}}},"fnMap":{"0":{"name":"_interopRequireDefault","decl":{"start":{"line":14,"column":9},"end":{"line":14,"column":31}},"loc":{"start":{"line":14,"column":37},"end":{"line":14,"column":97}},"line":14},"1":{"name":"asyncGeneratorStep","decl":{"start":{"line":16,"column":9},"end":{"line":16,"column":27}},"loc":{"start":{"line":16,"column":75},"end":{"line":16,"column":265}},"line":16},"2":{"name":"_asyncToGenerator","decl":{"start":{"line":18,"column":9},"end":{"line":18,"column":26}},"loc":{"start":{"line":18,"column":31},"end":{"line":18,"column":389}},"line":18},"3":{"name":"(anonymous_3)","decl":{"start":{"line":18,"column":40},"end":{"line":18,"column":41}},"loc":{"start":{"line":18,"column":52},"end":{"line":18,"column":386}},"line":18},"4":{"name":"(anonymous_4)","decl":{"start":{"line":18,"column":108},"end":{"line":18,"column":109}},"loc":{"start":{"line":18,"column":135},"end":{"line":18,"column":382}},"line":18},"5":{"name":"_next","decl":{"start":{"line":18,"column":178},"end":{"line":18,"column":183}},"loc":{"start":{"line":18,"column":191},"end":{"line":18,"column":266}},"line":18},"6":{"name":"_throw","decl":{"start":{"line":18,"column":276},"end":{"line":18,"column":282}},"loc":{"start":{"line":18,"column":288},"end":{"line":18,"column":362}},"line":18},"7":{"name":"_classCallCheck","decl":{"start":{"line":20,"column":9},"end":{"line":20,"column":24}},"loc":{"start":{"line":20,"column":48},"end":{"line":20,"column":153}},"line":20},"8":{"name":"_defineProperties","decl":{"start":{"line":22,"column":9},"end":{"line":22,"column":26}},"loc":{"start":{"line":22,"column":42},"end":{"line":22,"column":317}},"line":22},"9":{"name":"_createClass","decl":{"start":{"line":24,"column":9},"end":{"line":24,"column":21}},"loc":{"start":{"line":24,"column":60},"end":{"line":24,"column":215}},"line":24},"10":{"name":"_defineProperty","decl":{"start":{"line":26,"column":9},"end":{"line":26,"column":24}},"loc":{"start":{"line":26,"column":42},"end":{"line":26,"column":209}},"line":26},"11":{"name":"(anonymous_11)","decl":{"start":{"line":32,"column":0},"end":{"line":32,"column":1}},"loc":{"start":{"line":32,"column":12},"end":{"line":148,"column":1}},"line":32},"12":{"name":"User","decl":{"start":{"line":33,"column":11},"end":{"line":33,"column":15}},"loc":{"start":{"line":33,"column":18},"end":{"line":49,"column":3}},"line":33},"13":{"name":"(anonymous_13)","decl":{"start":{"line":43,"column":29},"end":{"line":43,"column":30}},"loc":{"start":{"line":43,"column":41},"end":{"line":45,"column":5}},"line":43},"14":{"name":"(anonymous_14)","decl":{"start":{"line":45,"column":16},"end":{"line":45,"column":17}},"loc":{"start":{"line":45,"column":29},"end":{"line":47,"column":5}},"line":45},"15":{"name":"(anonymous_15)","decl":{"start":{"line":53,"column":11},"end":{"line":53,"column":12}},"loc":{"start":{"line":53,"column":23},"end":{"line":113,"column":5}},"line":53},"16":{"name":"_callee","decl":{"start":{"line":56,"column":39},"end":{"line":56,"column":46}},"loc":{"start":{"line":56,"column":52},"end":{"line":106,"column":7}},"line":56},"17":{"name":"_callee$","decl":{"start":{"line":60,"column":48},"end":{"line":60,"column":56}},"loc":{"start":{"line":60,"column":67},"end":{"line":105,"column":9}},"line":60},"18":{"name":"execute","decl":{"start":{"line":108,"column":15},"end":{"line":108,"column":22}},"loc":{"start":{"line":108,"column":27},"end":{"line":110,"column":7}},"line":108},"19":{"name":"(anonymous_19)","decl":{"start":{"line":116,"column":11},"end":{"line":116,"column":12}},"loc":{"start":{"line":116,"column":23},"end":{"line":144,"column":5}},"line":116},"20":{"name":"_callee2","decl":{"start":{"line":119,"column":39},"end":{"line":119,"column":47}},"loc":{"start":{"line":119,"column":50},"end":{"line":137,"column":7}},"line":119},"21":{"name":"_callee2$","decl":{"start":{"line":120,"column":48},"end":{"line":120,"column":57}},"loc":{"start":{"line":120,"column":69},"end":{"line":136,"column":9}},"line":120},"22":{"name":"initialize","decl":{"start":{"line":139,"column":15},"end":{"line":139,"column":25}},"loc":{"start":{"line":139,"column":28},"end":{"line":141,"column":7}},"line":139}},"branchMap":{"0":{"loc":{"start":{"line":14,"column":46},"end":{"line":14,"column":94}},"type":"cond-expr","locations":[{"start":{"line":14,"column":70},"end":{"line":14,"column":73}},{"start":{"line":14,"column":76},"end":{"line":14,"column":94}}],"line":14},"1":{"loc":{"start":{"line":14,"column":46},"end":{"line":14,"column":67}},"type":"binary-expr","locations":[{"start":{"line":14,"column":46},"end":{"line":14,"column":49}},{"start":{"line":14,"column":53},"end":{"line":14,"column":67}}],"line":14},"2":{"loc":{"start":{"line":16,"column":176},"end":{"line":16,"column":263}},"type":"if","locations":[{"start":{"line":16,"column":176},"end":{"line":16,"column":263}},{"start":{"line":16,"column":176},"end":{"line":16,"column":263}}],"line":16},"3":{"loc":{"start":{"line":20,"column":50},"end":{"line":20,"column":151}},"type":"if","locations":[{"start":{"line":20,"column":50},"end":{"line":20,"column":151}},{"start":{"line":20,"column":50},"end":{"line":20,"column":151}}],"line":20},"4":{"loc":{"start":{"line":22,"column":136},"end":{"line":22,"column":166}},"type":"binary-expr","locations":[{"start":{"line":22,"column":136},"end":{"line":22,"column":157}},{"start":{"line":22,"column":161},"end":{"line":22,"column":166}}],"line":22},"5":{"loc":{"start":{"line":22,"column":200},"end":{"line":22,"column":254}},"type":"if","locations":[{"start":{"line":22,"column":200},"end":{"line":22,"column":254}},{"start":{"line":22,"column":200},"end":{"line":22,"column":254}}],"line":22},"6":{"loc":{"start":{"line":24,"column":62},"end":{"line":24,"column":131}},"type":"if","locations":[{"start":{"line":24,"column":62},"end":{"line":24,"column":131}},{"start":{"line":24,"column":62},"end":{"line":24,"column":131}}],"line":24},"7":{"loc":{"start":{"line":24,"column":132},"end":{"line":24,"column":193}},"type":"if","locations":[{"start":{"line":24,"column":132},"end":{"line":24,"column":193}},{"start":{"line":24,"column":132},"end":{"line":24,"column":193}}],"line":24},"8":{"loc":{"start":{"line":26,"column":44},"end":{"line":26,"column":195}},"type":"if","locations":[{"start":{"line":26,"column":44},"end":{"line":26,"column":195}},{"start":{"line":26,"column":44},"end":{"line":26,"column":195}}],"line":26},"9":{"loc":{"start":{"line":62,"column":12},"end":{"line":103,"column":13}},"type":"switch","locations":[{"start":{"line":63,"column":14},"end":{"line":66,"column":43}},{"start":{"line":68,"column":14},"end":{"line":78,"column":51}},{"start":{"line":80,"column":14},"end":{"line":81,"column":64}},{"start":{"line":83,"column":14},"end":{"line":85,"column":45}},{"start":{"line":87,"column":14},"end":{"line":88,"column":64}},{"start":{"line":90,"column":14},"end":{"line":93,"column":62}},{"start":{"line":95,"column":14},"end":{"line":98,"column":43}},{"start":{"line":100,"column":14},"end":{"line":100,"column":22}},{"start":{"line":101,"column":14},"end":{"line":102,"column":39}}],"line":62},"10":{"loc":{"start":{"line":64,"column":23},"end":{"line":64,"column":81}},"type":"cond-expr","locations":[{"start":{"line":64,"column":68},"end":{"line":64,"column":76}},{"start":{"line":64,"column":79},"end":{"line":64,"column":81}}],"line":64},"11":{"loc":{"start":{"line":64,"column":23},"end":{"line":64,"column":65}},"type":"binary-expr","locations":[{"start":{"line":64,"column":23},"end":{"line":64,"column":39}},{"start":{"line":64,"column":43},"end":{"line":64,"column":65}}],"line":64},"12":{"loc":{"start":{"line":72,"column":16},"end":{"line":75,"column":17}},"type":"if","locations":[{"start":{"line":72,"column":16},"end":{"line":75,"column":17}},{"start":{"line":72,"column":16},"end":{"line":75,"column":17}}],"line":72},"13":{"loc":{"start":{"line":122,"column":12},"end":{"line":134,"column":13}},"type":"switch","locations":[{"start":{"line":123,"column":14},"end":{"line":125,"column":58}},{"start":{"line":127,"column":14},"end":{"line":129,"column":61}},{"start":{"line":131,"column":14},"end":{"line":131,"column":21}},{"start":{"line":132,"column":14},"end":{"line":133,"column":40}}],"line":122}},"s":{"0":1,"1":1,"2":1,"3":1,"4":1,"5":1,"6":63,"7":63,"8":63,"9":0,"10":0,"11":63,"12":21,"13":42,"14":2,"15":21,"16":21,"17":21,"18":21,"19":62,"20":1,"21":21,"22":1,"23":0,"24":1,"25":1,"26":2,"27":2,"28":2,"29":2,"30":2,"31":2,"32":1,"33":1,"34":1,"35":0,"36":1,"37":2,"38":0,"39":2,"40":2,"41":1,"42":1,"43":1,"44":1,"45":1,"46":1,"47":1,"48":1,"49":0,"50":1,"51":1,"52":1,"53":20,"54":20,"55":100,"56":104,"57":20,"58":20,"59":20,"60":20,"61":20,"62":20,"63":4,"64":4,"65":16,"66":16,"67":15,"68":4,"69":4,"70":4,"71":1,"72":1,"73":1,"74":20,"75":20,"76":20,"77":20,"78":20,"79":1,"80":1,"81":1,"82":3,"83":3,"84":1,"85":1,"86":1,"87":1,"88":1,"89":1,"90":1,"91":1,"92":1,"93":1},"f":{"0":1,"1":63,"2":2,"3":21,"4":21,"5":62,"6":1,"7":1,"8":1,"9":1,"10":2,"11":1,"12":1,"13":1,"14":0,"15":1,"16":20,"17":100,"18":20,"19":1,"20":1,"21":3,"22":1},"b":{"0":[0,1],"1":[1,1],"2":[21,42],"3":[0,1],"4":[2,2],"5":[2,0],"6":[1,0],"7":[0,1],"8":[0,2],"9":[20,20,15,4,4,1,20,0,20],"10":[16,4],"11":[20,16],"12":[4,16],"13":[1,1,1,1]},"_coverageSchema":"43e27e138ebf9cfc5966b082cf9a028302ed4184","hash":"d553abf07461e40dfab995ec2f64888797762e52","contentHash":"5f0814ef9b2c8025c40f0314d753030647617deb80ff7f9594085f7d0c6483da"},"C:\\Users\\25078\\Desktop\\amani\\mydairy\\server\\controllers\\entriesController.js":{"path":"C:\\Users\\25078\\Desktop\\amani\\mydairy\\server\\controllers\\entriesController.js","statementMap":{"0":{"start":{"line":3,"column":0},"end":{"line":5,"column":3}},"1":{"start":{"line":6,"column":0},"end":{"line":6,"column":28}},"2":{"start":{"line":8,"column":22},"end":{"line":8,"column":83}},"3":{"start":{"line":10,"column":14},"end":{"line":10,"column":55}},"4":{"start":{"line":12,"column":0},"end":{"line":12,"column":37}},"5":{"start":{"line":14,"column":39},"end":{"line":14,"column":95}},"6":{"start":{"line":16,"column":54},"end":{"line":16,"column":84}},"7":{"start":{"line":16,"column":74},"end":{"line":16,"column":84}},"8":{"start":{"line":16,"column":98},"end":{"line":16,"column":145}},"9":{"start":{"line":16,"column":159},"end":{"line":16,"column":475}},"10":{"start":{"line":16,"column":218},"end":{"line":16,"column":254}},"11":{"start":{"line":16,"column":256},"end":{"line":16,"column":473}},"12":{"start":{"line":16,"column":304},"end":{"line":16,"column":330}},"13":{"start":{"line":16,"column":331},"end":{"line":16,"column":372}},"14":{"start":{"line":16,"column":363},"end":{"line":16,"column":372}},"15":{"start":{"line":16,"column":373},"end":{"line":16,"column":444}},"16":{"start":{"line":16,"column":435},"end":{"line":16,"column":444}},"17":{"start":{"line":16,"column":445},"end":{"line":16,"column":471}},"18":{"start":{"line":16,"column":476},"end":{"line":16,"column":490}},"19":{"start":{"line":18,"column":59},"end":{"line":18,"column":89}},"20":{"start":{"line":18,"column":79},"end":{"line":18,"column":89}},"21":{"start":{"line":18,"column":103},"end":{"line":18,"column":105}},"22":{"start":{"line":18,"column":124},"end":{"line":18,"column":143}},"23":{"start":{"line":18,"column":157},"end":{"line":18,"column":290}},"24":{"start":{"line":18,"column":199},"end":{"line":18,"column":219}},"25":{"start":{"line":18,"column":220},"end":{"line":18,"column":261}},"26":{"start":{"line":18,"column":252},"end":{"line":18,"column":261}},"27":{"start":{"line":18,"column":262},"end":{"line":18,"column":288}},"28":{"start":{"line":18,"column":291},"end":{"line":18,"column":305}},"29":{"start":{"line":20,"column":77},"end":{"line":20,"column":175}},"30":{"start":{"line":20,"column":94},"end":{"line":20,"column":107}},"31":{"start":{"line":20,"column":121},"end":{"line":20,"column":131}},"32":{"start":{"line":20,"column":151},"end":{"line":20,"column":165}},"33":{"start":{"line":20,"column":166},"end":{"line":20,"column":173}},"34":{"start":{"line":20,"column":176},"end":{"line":20,"column":263}},"35":{"start":{"line":20,"column":193},"end":{"line":20,"column":208}},"36":{"start":{"line":20,"column":218},"end":{"line":20,"column":261}},"37":{"start":{"line":22,"column":33},"end":{"line":22,"column":387}},"38":{"start":{"line":22,"column":65},"end":{"line":22,"column":69}},"39":{"start":{"line":22,"column":78},"end":{"line":22,"column":87}},"40":{"start":{"line":22,"column":89},"end":{"line":22,"column":384}},"41":{"start":{"line":22,"column":147},"end":{"line":22,"column":167}},"42":{"start":{"line":22,"column":193},"end":{"line":22,"column":264}},"43":{"start":{"line":22,"column":290},"end":{"line":22,"column":360}},"44":{"start":{"line":22,"column":363},"end":{"line":22,"column":380}},"45":{"start":{"line":24,"column":50},"end":{"line":24,"column":151}},"46":{"start":{"line":24,"column":92},"end":{"line":24,"column":149}},"47":{"start":{"line":26,"column":44},"end":{"line":26,"column":315}},"48":{"start":{"line":26,"column":57},"end":{"line":26,"column":58}},"49":{"start":{"line":26,"column":102},"end":{"line":26,"column":110}},"50":{"start":{"line":26,"column":112},"end":{"line":26,"column":167}},"51":{"start":{"line":26,"column":168},"end":{"line":26,"column":199}},"52":{"start":{"line":26,"column":200},"end":{"line":26,"column":254}},"53":{"start":{"line":26,"column":227},"end":{"line":26,"column":254}},"54":{"start":{"line":26,"column":255},"end":{"line":26,"column":313}},"55":{"start":{"line":28,"column":62},"end":{"line":28,"column":131}},"56":{"start":{"line":28,"column":78},"end":{"line":28,"column":131}},"57":{"start":{"line":28,"column":132},"end":{"line":28,"column":193}},"58":{"start":{"line":28,"column":149},"end":{"line":28,"column":193}},"59":{"start":{"line":28,"column":194},"end":{"line":28,"column":213}},"60":{"start":{"line":30,"column":44},"end":{"line":30,"column":195}},"61":{"start":{"line":30,"column":62},"end":{"line":30,"column":166}},"62":{"start":{"line":30,"column":176},"end":{"line":30,"column":193}},"63":{"start":{"line":30,"column":196},"end":{"line":30,"column":207}},"64":{"start":{"line":34,"column":0},"end":{"line":303,"column":3}},"65":{"start":{"line":36,"column":4},"end":{"line":36,"column":40}},"66":{"start":{"line":38,"column":4},"end":{"line":83,"column":9}},"67":{"start":{"line":41,"column":17},"end":{"line":78,"column":9}},"68":{"start":{"line":46,"column":8},"end":{"line":77,"column":36}},"69":{"start":{"line":47,"column":10},"end":{"line":76,"column":11}},"70":{"start":{"line":48,"column":12},"end":{"line":75,"column":13}},"71":{"start":{"line":50,"column":16},"end":{"line":50,"column":34}},"72":{"start":{"line":51,"column":16},"end":{"line":51,"column":99}},"73":{"start":{"line":52,"column":16},"end":{"line":52,"column":82}},"74":{"start":{"line":53,"column":16},"end":{"line":53,"column":34}},"75":{"start":{"line":54,"column":16},"end":{"line":54,"column":71}},"76":{"start":{"line":57,"column":16},"end":{"line":57,"column":43}},"77":{"start":{"line":58,"column":16},"end":{"line":62,"column":20}},"78":{"start":{"line":65,"column":16},"end":{"line":65,"column":34}},"79":{"start":{"line":66,"column":16},"end":{"line":66,"column":51}},"80":{"start":{"line":67,"column":16},"end":{"line":70,"column":20}},"81":{"start":{"line":74,"column":16},"end":{"line":74,"column":39}},"82":{"start":{"line":80,"column":6},"end":{"line":82,"column":8}},"83":{"start":{"line":81,"column":8},"end":{"line":81,"column":43}},"84":{"start":{"line":85,"column":4},"end":{"line":132,"column":9}},"85":{"start":{"line":88,"column":18},"end":{"line":127,"column":9}},"86":{"start":{"line":93,"column":8},"end":{"line":126,"column":38}},"87":{"start":{"line":94,"column":10},"end":{"line":125,"column":11}},"88":{"start":{"line":95,"column":12},"end":{"line":124,"column":13}},"89":{"start":{"line":97,"column":16},"end":{"line":97,"column":35}},"90":{"start":{"line":98,"column":16},"end":{"line":98,"column":102}},"91":{"start":{"line":99,"column":16},"end":{"line":99,"column":65}},"92":{"start":{"line":100,"column":16},"end":{"line":100,"column":35}},"93":{"start":{"line":101,"column":16},"end":{"line":101,"column":71}},"94":{"start":{"line":104,"column":16},"end":{"line":104,"column":39}},"95":{"start":{"line":105,"column":16},"end":{"line":105,"column":44}},"96":{"start":{"line":106,"column":16},"end":{"line":106,"column":76}},"97":{"start":{"line":107,"column":16},"end":{"line":111,"column":20}},"98":{"start":{"line":114,"column":16},"end":{"line":114,"column":36}},"99":{"start":{"line":115,"column":16},"end":{"line":115,"column":53}},"100":{"start":{"line":116,"column":16},"end":{"line":119,"column":19}},"101":{"start":{"line":123,"column":16},"end":{"line":123,"column":40}},"102":{"start":{"line":129,"column":6},"end":{"line":131,"column":8}},"103":{"start":{"line":130,"column":8},"end":{"line":130,"column":44}},"104":{"start":{"line":134,"column":4},"end":{"line":187,"column":9}},"105":{"start":{"line":137,"column":18},"end":{"line":182,"column":9}},"106":{"start":{"line":141,"column":8},"end":{"line":181,"column":37}},"107":{"start":{"line":142,"column":10},"end":{"line":180,"column":11}},"108":{"start":{"line":143,"column":12},"end":{"line":179,"column":13}},"109":{"start":{"line":145,"column":16},"end":{"line":145,"column":35}},"110":{"start":{"line":146,"column":16},"end":{"line":146,"column":35}},"111":{"start":{"line":147,"column":16},"end":{"line":147,"column":66}},"112":{"start":{"line":150,"column":16},"end":{"line":150,"column":44}},"113":{"start":{"line":152,"column":16},"end":{"line":155,"column":17}},"114":{"start":{"line":153,"column":18},"end":{"line":153,"column":37}},"115":{"start":{"line":154,"column":18},"end":{"line":154,"column":24}},"116":{"start":{"line":157,"column":16},"end":{"line":160,"column":20}},"117":{"start":{"line":163,"column":16},"end":{"line":166,"column":20}},"118":{"start":{"line":169,"column":16},"end":{"line":169,"column":35}},"119":{"start":{"line":170,"column":16},"end":{"line":170,"column":53}},"120":{"start":{"line":171,"column":16},"end":{"line":174,"column":20}},"121":{"start":{"line":178,"column":16},"end":{"line":178,"column":40}},"122":{"start":{"line":184,"column":6},"end":{"line":186,"column":8}},"123":{"start":{"line":185,"column":8},"end":{"line":185,"column":44}},"124":{"start":{"line":189,"column":4},"end":{"line":242,"column":9}},"125":{"start":{"line":192,"column":18},"end":{"line":237,"column":9}},"126":{"start":{"line":196,"column":8},"end":{"line":236,"column":37}},"127":{"start":{"line":197,"column":10},"end":{"line":235,"column":11}},"128":{"start":{"line":198,"column":12},"end":{"line":234,"column":13}},"129":{"start":{"line":200,"column":16},"end":{"line":200,"column":35}},"130":{"start":{"line":201,"column":16},"end":{"line":201,"column":35}},"131":{"start":{"line":202,"column":16},"end":{"line":202,"column":84}},"132":{"start":{"line":205,"column":16},"end":{"line":205,"column":44}},"133":{"start":{"line":207,"column":16},"end":{"line":210,"column":17}},"134":{"start":{"line":208,"column":18},"end":{"line":208,"column":37}},"135":{"start":{"line":209,"column":18},"end":{"line":209,"column":24}},"136":{"start":{"line":212,"column":16},"end":{"line":215,"column":20}},"137":{"start":{"line":218,"column":16},"end":{"line":221,"column":20}},"138":{"start":{"line":224,"column":16},"end":{"line":224,"column":35}},"139":{"start":{"line":225,"column":16},"end":{"line":225,"column":53}},"140":{"start":{"line":226,"column":16},"end":{"line":229,"column":20}},"141":{"start":{"line":233,"column":16},"end":{"line":233,"column":40}},"142":{"start":{"line":239,"column":6},"end":{"line":241,"column":8}},"143":{"start":{"line":240,"column":8},"end":{"line":240,"column":44}},"144":{"start":{"line":245,"column":2},"end":{"line":300,"column":6}},"145":{"start":{"line":248,"column":21},"end":{"line":292,"column":9}},"146":{"start":{"line":252,"column":8},"end":{"line":291,"column":37}},"147":{"start":{"line":253,"column":10},"end":{"line":290,"column":11}},"148":{"start":{"line":254,"column":12},"end":{"line":289,"column":13}},"149":{"start":{"line":256,"column":16},"end":{"line":256,"column":35}},"150":{"start":{"line":257,"column":16},"end":{"line":257,"column":35}},"151":{"start":{"line":258,"column":16},"end":{"line":258,"column":80}},"152":{"start":{"line":261,"column":16},"end":{"line":261,"column":44}},"153":{"start":{"line":263,"column":16},"end":{"line":266,"column":17}},"154":{"start":{"line":264,"column":18},"end":{"line":264,"column":37}},"155":{"start":{"line":265,"column":18},"end":{"line":265,"column":24}},"156":{"start":{"line":268,"column":16},"end":{"line":271,"column":20}},"157":{"start":{"line":274,"column":16},"end":{"line":279,"column":20}},"158":{"start":{"line":282,"column":16},"end":{"line":282,"column":35}},"159":{"start":{"line":283,"column":16},"end":{"line":283,"column":53}},"160":{"start":{"line":284,"column":16},"end":{"line":284,"column":86}},"161":{"start":{"line":288,"column":16},"end":{"line":288,"column":40}},"162":{"start":{"line":295,"column":8},"end":{"line":295,"column":47}},"163":{"start":{"line":298,"column":6},"end":{"line":298,"column":21}},"164":{"start":{"line":302,"column":2},"end":{"line":302,"column":22}},"165":{"start":{"line":305,"column":15},"end":{"line":305,"column":33}},"166":{"start":{"line":307,"column":0},"end":{"line":307,"column":30}}},"fnMap":{"0":{"name":"_interopRequireDefault","decl":{"start":{"line":14,"column":9},"end":{"line":14,"column":31}},"loc":{"start":{"line":14,"column":37},"end":{"line":14,"column":97}},"line":14},"1":{"name":"_objectWithoutProperties","decl":{"start":{"line":16,"column":9},"end":{"line":16,"column":33}},"loc":{"start":{"line":16,"column":52},"end":{"line":16,"column":492}},"line":16},"2":{"name":"_objectWithoutPropertiesLoose","decl":{"start":{"line":18,"column":9},"end":{"line":18,"column":38}},"loc":{"start":{"line":18,"column":57},"end":{"line":18,"column":307}},"line":18},"3":{"name":"asyncGeneratorStep","decl":{"start":{"line":20,"column":9},"end":{"line":20,"column":27}},"loc":{"start":{"line":20,"column":75},"end":{"line":20,"column":265}},"line":20},"4":{"name":"_asyncToGenerator","decl":{"start":{"line":22,"column":9},"end":{"line":22,"column":26}},"loc":{"start":{"line":22,"column":31},"end":{"line":22,"column":389}},"line":22},"5":{"name":"(anonymous_5)","decl":{"start":{"line":22,"column":40},"end":{"line":22,"column":41}},"loc":{"start":{"line":22,"column":52},"end":{"line":22,"column":386}},"line":22},"6":{"name":"(anonymous_6)","decl":{"start":{"line":22,"column":108},"end":{"line":22,"column":109}},"loc":{"start":{"line":22,"column":135},"end":{"line":22,"column":382}},"line":22},"7":{"name":"_next","decl":{"start":{"line":22,"column":178},"end":{"line":22,"column":183}},"loc":{"start":{"line":22,"column":191},"end":{"line":22,"column":266}},"line":22},"8":{"name":"_throw","decl":{"start":{"line":22,"column":276},"end":{"line":22,"column":282}},"loc":{"start":{"line":22,"column":288},"end":{"line":22,"column":362}},"line":22},"9":{"name":"_classCallCheck","decl":{"start":{"line":24,"column":9},"end":{"line":24,"column":24}},"loc":{"start":{"line":24,"column":48},"end":{"line":24,"column":153}},"line":24},"10":{"name":"_defineProperties","decl":{"start":{"line":26,"column":9},"end":{"line":26,"column":26}},"loc":{"start":{"line":26,"column":42},"end":{"line":26,"column":317}},"line":26},"11":{"name":"_createClass","decl":{"start":{"line":28,"column":9},"end":{"line":28,"column":21}},"loc":{"start":{"line":28,"column":60},"end":{"line":28,"column":215}},"line":28},"12":{"name":"_defineProperty","decl":{"start":{"line":30,"column":9},"end":{"line":30,"column":24}},"loc":{"start":{"line":30,"column":42},"end":{"line":30,"column":209}},"line":30},"13":{"name":"(anonymous_13)","decl":{"start":{"line":34,"column":0},"end":{"line":34,"column":1}},"loc":{"start":{"line":34,"column":12},"end":{"line":303,"column":1}},"line":34},"14":{"name":"putInEntries","decl":{"start":{"line":35,"column":11},"end":{"line":35,"column":23}},"loc":{"start":{"line":35,"column":26},"end":{"line":243,"column":3}},"line":35},"15":{"name":"(anonymous_15)","decl":{"start":{"line":40,"column":4},"end":{"line":40,"column":5}},"loc":{"start":{"line":40,"column":16},"end":{"line":83,"column":5}},"line":40},"16":{"name":"_callee","decl":{"start":{"line":43,"column":39},"end":{"line":43,"column":46}},"loc":{"start":{"line":43,"column":57},"end":{"line":78,"column":7}},"line":43},"17":{"name":"_callee$","decl":{"start":{"line":46,"column":48},"end":{"line":46,"column":56}},"loc":{"start":{"line":46,"column":67},"end":{"line":77,"column":9}},"line":46},"18":{"name":"(anonymous_18)","decl":{"start":{"line":80,"column":13},"end":{"line":80,"column":14}},"loc":{"start":{"line":80,"column":32},"end":{"line":82,"column":7}},"line":80},"19":{"name":"(anonymous_19)","decl":{"start":{"line":87,"column":4},"end":{"line":87,"column":5}},"loc":{"start":{"line":87,"column":16},"end":{"line":132,"column":5}},"line":87},"20":{"name":"_callee2","decl":{"start":{"line":90,"column":39},"end":{"line":90,"column":47}},"loc":{"start":{"line":90,"column":58},"end":{"line":127,"column":7}},"line":90},"21":{"name":"_callee2$","decl":{"start":{"line":93,"column":48},"end":{"line":93,"column":57}},"loc":{"start":{"line":93,"column":69},"end":{"line":126,"column":9}},"line":93},"22":{"name":"(anonymous_22)","decl":{"start":{"line":129,"column":13},"end":{"line":129,"column":14}},"loc":{"start":{"line":129,"column":33},"end":{"line":131,"column":7}},"line":129},"23":{"name":"(anonymous_23)","decl":{"start":{"line":136,"column":4},"end":{"line":136,"column":5}},"loc":{"start":{"line":136,"column":16},"end":{"line":187,"column":5}},"line":136},"24":{"name":"_callee3","decl":{"start":{"line":139,"column":39},"end":{"line":139,"column":47}},"loc":{"start":{"line":139,"column":58},"end":{"line":182,"column":7}},"line":139},"25":{"name":"_callee3$","decl":{"start":{"line":141,"column":48},"end":{"line":141,"column":57}},"loc":{"start":{"line":141,"column":69},"end":{"line":181,"column":9}},"line":141},"26":{"name":"(anonymous_26)","decl":{"start":{"line":184,"column":13},"end":{"line":184,"column":14}},"loc":{"start":{"line":184,"column":33},"end":{"line":186,"column":7}},"line":184},"27":{"name":"(anonymous_27)","decl":{"start":{"line":191,"column":4},"end":{"line":191,"column":5}},"loc":{"start":{"line":191,"column":16},"end":{"line":242,"column":5}},"line":191},"28":{"name":"_callee4","decl":{"start":{"line":194,"column":39},"end":{"line":194,"column":47}},"loc":{"start":{"line":194,"column":58},"end":{"line":237,"column":7}},"line":194},"29":{"name":"_callee4$","decl":{"start":{"line":196,"column":48},"end":{"line":196,"column":57}},"loc":{"start":{"line":196,"column":69},"end":{"line":236,"column":9}},"line":196},"30":{"name":"(anonymous_30)","decl":{"start":{"line":239,"column":13},"end":{"line":239,"column":14}},"loc":{"start":{"line":239,"column":33},"end":{"line":241,"column":7}},"line":239},"31":{"name":"(anonymous_31)","decl":{"start":{"line":247,"column":11},"end":{"line":247,"column":12}},"loc":{"start":{"line":247,"column":23},"end":{"line":299,"column":5}},"line":247},"32":{"name":"_callee5","decl":{"start":{"line":250,"column":39},"end":{"line":250,"column":47}},"loc":{"start":{"line":250,"column":58},"end":{"line":292,"column":7}},"line":250},"33":{"name":"_callee5$","decl":{"start":{"line":252,"column":48},"end":{"line":252,"column":57}},"loc":{"start":{"line":252,"column":69},"end":{"line":291,"column":9}},"line":252},"34":{"name":"_delete","decl":{"start":{"line":294,"column":15},"end":{"line":294,"column":22}},"loc":{"start":{"line":294,"column":34},"end":{"line":296,"column":7}},"line":294}},"branchMap":{"0":{"loc":{"start":{"line":14,"column":46},"end":{"line":14,"column":94}},"type":"cond-expr","locations":[{"start":{"line":14,"column":70},"end":{"line":14,"column":73}},{"start":{"line":14,"column":76},"end":{"line":14,"column":94}}],"line":14},"1":{"loc":{"start":{"line":14,"column":46},"end":{"line":14,"column":67}},"type":"binary-expr","locations":[{"start":{"line":14,"column":46},"end":{"line":14,"column":49}},{"start":{"line":14,"column":53},"end":{"line":14,"column":67}}],"line":14},"2":{"loc":{"start":{"line":16,"column":54},"end":{"
[...]
":{"line":59,"column":5}},"line":32},"14":{"name":"_callee$","decl":{"start":{"line":34,"column":46},"end":{"line":34,"column":54}},"loc":{"start":{"line":34,"column":65},"end":{"line":58,"column":7}},"line":34},"15":{"name":"(anonymous_15)","decl":{"start":{"line":61,"column":11},"end":{"line":61,"column":12}},"loc":{"start":{"line":61,"column":25},"end":{"line":63,"column":5}},"line":61},"16":{"name":"(anonymous_16)","decl":{"start":{"line":68,"column":2},"end":{"line":68,"column":3}},"loc":{"start":{"line":68,"column":14},"end":{"line":104,"column":3}},"line":68},"17":{"name":"_callee2","decl":{"start":{"line":71,"column":37},"end":{"line":71,"column":45}},"loc":{"start":{"line":71,"column":53},"end":{"line":99,"column":5}},"line":71},"18":{"name":"_callee2$","decl":{"start":{"line":74,"column":46},"end":{"line":74,"column":55}},"loc":{"start":{"line":74,"column":67},"end":{"line":98,"column":7}},"line":74},"19":{"name":"(anonymous_19)","decl":{"start":{"line":101,"column":11},"end":{"line":101,"column":12}},"loc":{"start":{"line":101,"column":26},"end":{"line":103,"column":5}},"line":101},"20":{"name":"(anonymous_20)","decl":{"start":{"line":108,"column":2},"end":{"line":108,"column":3}},"loc":{"start":{"line":108,"column":14},"end":{"line":144,"column":3}},"line":108},"21":{"name":"_callee3","decl":{"start":{"line":111,"column":37},"end":{"line":111,"column":45}},"loc":{"start":{"line":111,"column":50},"end":{"line":139,"column":5}},"line":111},"22":{"name":"_callee3$","decl":{"start":{"line":114,"column":46},"end":{"line":114,"column":55}},"loc":{"start":{"line":114,"column":67},"end":{"line":138,"column":7}},"line":114},"23":{"name":"(anonymous_23)","decl":{"start":{"line":141,"column":11},"end":{"line":141,"column":12}},"loc":{"start":{"line":141,"column":26},"end":{"line":143,"column":5}},"line":141},"24":{"name":"_callee4","decl":{"start":{"line":150,"column":35},"end":{"line":150,"column":43}},"loc":{"start":{"line":150,"column":46},"end":{"line":184,"column":3}},"line":150},"25":{"name":"_callee4$","decl":{"start":{"line":153,"column":44},"end":{"line":153,"column":53}},"loc":{"start":{"line":153,"column":65},"end":{"line":183,"column":5}},"line":153},"26":{"name":"(anonymous_26)","decl":{"start":{"line":165,"column":34},"end":{"line":165,"column":35}},"loc":{"start":{"line":165,"column":53},"end":{"line":170,"column":13}},"line":165},"27":{"name":"(anonymous_27)","decl":{"start":{"line":188,"column":2},"end":{"line":188,"column":3}},"loc":{"start":{"line":188,"column":14},"end":{"line":224,"column":3}},"line":188},"28":{"name":"_callee5","decl":{"start":{"line":191,"column":37},"end":{"line":191,"column":45}},"loc":{"start":{"line":191,"column":50},"end":{"line":219,"column":5}},"line":191},"29":{"name":"_callee5$","decl":{"start":{"line":194,"column":46},"end":{"line":194,"column":55}},"loc":{"start":{"line":194,"column":67},"end":{"line":218,"column":7}},"line":194},"30":{"name":"(anonymous_30)","decl":{"start":{"line":221,"column":11},"end":{"line":221,"column":12}},"loc":{"start":{"line":221,"column":26},"end":{"line":223,"column":5}},"line":221}},"branchMap":{"0":{"loc":{"start":{"line":10,"column":46},"end":{"line":10,"column":94}},"type":"cond-expr","locations":[{"start":{"line":10,"column":70},"end":{"line":10,"column":73}},{"start":{"line":10,"column":76},"end":{"line":10,"column":94}}],"line":10},"1":{"loc":{"start":{"line":10,"column":46},"end":{"line":10,"column":67}},"type":"binary-expr","locations":[{"start":{"line":10,"column":46},"end":{"line":10,"column":49}},{"start":{"line":10,"column":53},"end":{"line":10,"column":67}}],"line":10},"2":{"loc":{"start":{"line":12,"column":54},"end":{"line":12,"column":84}},"type":"if","locations":[{"start":{"line":12,"column":54},"end":{"line":12,"column":84}},{"start":{"line":12,"column":54},"end":{"line":12,"column":84}}],"line":12},"3":{"loc":{"start":{"line":12,"column":159},"end":{"line":12,"column":475}},"type":"if","locations":[{"start":{"line":12,"column":159},"end":{"line":12,"column":475}},{"start":{"line":12,"column":159},"end":{"line":12,"column":475}}],"line":12},"4":{"loc":{"start":{"line":12,"column":331},"end":{"line":12,"column":372}},"type":"if","locations":[{"start":{"line":12,"column":331},"end":{"line":12,"column":372}},{"start":{"line":12,"column":331},"end":{"line":12,"column":372}}],"line":12},"5":{"loc":{"start":{"line":12,"column":373},"end":{"line":12,"column":444}},"type":"if","locations":[{"start":{"line":12,"column":373},"end":{"line":12,"column":444}},{"start":{"line":12,"column":373},"end":{"line":12,"column":444}}],"line":12},"6":{"loc":{"start":{"line":14,"column":59},"end":{"line":14,"column":89}},"type":"if","locations":[{"start":{"line":14,"column":59},"end":{"line":14,"column":89}},{"start":{"line":14,"column":59},"end":{"line":14,"column":89}}],"line":14},"7":{"loc":{"start":{"line":14,"column":220},"end":{"line":14,"column":261}},"type":"if","locations":[{"start":{"line":14,"column":220},"end":{"line":14,"column":261}},{"start":{"line":14,"column":220},"end":{"line":14,"column":261}}],"line":14},"8":{"loc":{"start":{"line":16,"column":176},"end":{"line":16,"column":263}},"type":"if","locations":[{"start":{"line":16,"column":176},"end":{"line":16,"column":263}},{"start":{"line":16,"column":176},"end":{"line":16,"column":263}}],"line":16},"9":{"loc":{"start":{"line":20,"column":50},"end":{"line":20,"column":151}},"type":"if","locations":[{"start":{"line":20,"column":50},"end":{"line":20,"column":151}},{"start":{"line":20,"column":50},"end":{"line":20,"column":151}}],"line":20},"10":{"loc":{"start":{"line":22,"column":44},"end":{"line":22,"column":195}},"type":"if","locations":[{"start":{"line":22,"column":44},"end":{"line":22,"column":195}},{"start":{"line":22,"column":44},"end":{"line":22,"column":195}}],"line":22},"11":{"loc":{"start":{"line":36,"column":10},"end":{"line":56,"column":11}},"type":"switch","locations":[{"start":{"line":37,"column":12},"end":{"line":41,"column":61}},{"start":{"line":43,"column":12},"end":{"line":46,"column":53}},{"start":{"line":48,"column":12},"end":{"line":51,"column":75}},{"start":{"line":53,"column":12},"end":{"line":53,"column":20}},{"start":{"line":54,"column":12},"end":{"line":55,"column":37}}],"line":36},"12":{"loc":{"start":{"line":76,"column":10},"end":{"line":96,"column":11}},"type":"switch","locations":[{"start":{"line":77,"column":12},"end":{"line":81,"column":65}},{"start":{"line":83,"column":12},"end":{"line":86,"column":57}},{"start":{"line":88,"column":12},"end":{"line":91,"column":76}},{"start":{"line":93,"column":12},"end":{"line":93,"column":20}},{"start":{"line":94,"column":12},"end":{"line":95,"column":38}}],"line":76},"13":{"loc":{"start":{"line":116,"column":10},"end":{"line":136,"column":11}},"type":"switch","locations":[{"start":{"line":117,"column":12},"end":{"line":121,"column":66}},{"start":{"line":123,"column":12},"end":{"line":126,"column":57}},{"start":{"line":128,"column":12},"end":{"line":131,"column":76}},{"start":{"line":133,"column":12},"end":{"line":133,"column":20}},{"start":{"line":134,"column":12},"end":{"line":135,"column":38}}],"line":116},"14":{"loc":{"start":{"line":155,"column":8},"end":{"line":181,"column":9}},"type":"switch","locations":[{"start":{"line":156,"column":10},"end":{"line":160,"column":54}},{"start":{"line":162,"column":10},"end":{"line":171,"column":58}},{"start":{"line":173,"column":10},"end":{"line":176,"column":109}},{"start":{"line":178,"column":10},"end":{"line":178,"column":18}},{"start":{"line":179,"column":10},"end":{"line":180,"column":36}}],"line":155},"15":{"loc":{"start":{"line":196,"column":10},"end":{"line":216,"column":11}},"type":"switch","locations":[{"start":{"line":197,"column":12},"end":{"line":201,"column":59}},{"start":{"line":203,"column":12},"end":{"line":206,"column":57}},{"start":{"line":208,"column":12},"end":{"line":211,"column":111}},{"start":{"line":213,"column":12},"end":{"line":213,"column":20}},{"start":{"line":214,"column":12},"end":{"line":215,"column":38}}],"line":196}},"s":{"0":1,"1":1,"2":1,"3":1,"4":24,"5":0,"6":24,"7":24,"8":24,"9":24,"10":0,"11":0,"12":0,"13":0,"14":0,"15":0,"16":24,"17":24,"18":0,"19":24,"20":24,"21":24,"22":96,"23":96,"24":0,"25":96,"26":24,"27":12,"28":12,"29":12,"30":0,"31":0,"32":12,"33":6,"34":6,"35":5,"36":6,"37":6,"38":6,"39":6,"40":12,"41":0,"42":6,"43":1,"44":0,"45":5,"46":0,"47":5,"48":5,"49":1,"50":1,"51":1,"52":1,"53":1,"54":3,"55":3,"56":1,"57":1,"58":1,"59":1,"60":1,"61":1,"62":1,"63":0,"64":0,"65":0,"66":1,"67":1,"68":1,"69":1,"70":1,"71":1,"72":3,"73":3,"74":1,"75":1,"76":1,"77":1,"78":1,"79":1,"80":1,"81":0,"82":0,"83":0,"84":1,"85":1,"86":1,"87":1,"88":1,"89":1,"90":3,"91":3,"92":1,"93":1,"94":1,"95":1,"96":1,"97":1,"98":1,"99":0,"100":0,"101":0,"102":1,"103":1,"104":1,"105":1,"106":1,"107":3,"108":3,"109":1,"110":1,"111":1,"112":1,"113":1,"114":1,"115":1,"116":24,"117":24,"118":24,"119":1,"120":0,"121":0,"122":0,"123":1,"124":1,"125":1,"126":2,"127":6,"128":6,"129":2,"130":2,"131":2,"132":2,"133":2,"134":2,"135":2,"136":0,"137":0,"138":0,"139":2,"140":1,"141":2,"142":1,"143":1},"f":{"0":1,"1":24,"2":24,"3":12,"4":5,"5":6,"6":6,"7":12,"8":0,"9":1,"10":5,"11":1,"12":1,"13":1,"14":3,"15":1,"16":1,"17":1,"18":3,"19":1,"20":1,"21":1,"22":3,"23":1,"24":1,"25":3,"26":24,"27":1,"28":2,"29":6,"30":2},"b":{"0":[1,0],"1":[1,1],"2":[0,24],"3":[24,0],"4":[0,0],"5":[0,0],"6":[0,24],"7":[0,96],"8":[6,6],"9":[0,1],"10":[0,5],"11":[1,1,0,0,1],"12":[1,1,0,0,1],"13":[1,1,0,0,1],"14":[1,1,0,0,1],"15":[2,2,0,0,2]},"_coverageSchema":"43e27e138ebf9cfc5966b082cf9a028302ed4184","hash":"66bf9a0bf16d3c1443a2872173b57e4159df1f0f","contentHash":"cb20ef0600fde7349bfb77db956d5ffe1bdf23f3ed2dc4e92068413342a4c349"},"C:\\Users\\25078\\Desktop\\amani\\mydairy\\server\\middleware\\authToken.js":{"path":"C:\\Users\\25078\\Desktop\\amani\\mydairy\\server\\middleware\\authToken.js","statementMap":{"0":{"start":{"line":3,"column":0},"end":{"line":5,"column":3}},"1":{"start":{"line":6,"column":0},"end":{"line":6,"column":28}},"2":{"start":{"line":8,"column":20},"end":{"line":8,"column":67}},"3":{"start":{"line":10,"column":13},"end":{"line":10,"column":59}},"4":{"start":{"line":12,"column":39},"end":{"line":12,"column":95}},"5":{"start":{"line":14,"column":77},"end":{"line":14,"column":175}},"6":{"start":{"line":14,"column":94},"end":{"line":14,"column":107}},"7":{"start":{"line":14,"column":121},"end":{"line":14,"column":131}},"8":{"start":{"line":14,"column":151},"end":{"line":14,"column":165}},"9":{"start":{"line":14,"column":166},"end":{"line":14,"column":173}},"10":{"start":{"line":14,"column":176},"end":{"line":14,"column":263}},"11":{"start":{"line":14,"column":193},"end":{"line":14,"column":208}},"12":{"start":{"line":14,"column":218},"end":{"line":14,"column":261}},"13":{"start":{"line":16,"column":33},"end":{"line":16,"column":387}},"14":{"start":{"line":16,"column":65},"end":{"line":16,"column":69}},"15":{"start":{"line":16,"column":78},"end":{"line":16,"column":87}},"16":{"start":{"line":16,"column":89},"end":{"line":16,"column":384}},"17":{"start":{"line":16,"column":147},"end":{"line":16,"column":167}},"18":{"start":{"line":16,"column":193},"end":{"line":16,"column":264}},"19":{"start":{"line":16,"column":290},"end":{"line":16,"column":360}},"20":{"start":{"line":16,"column":363},"end":{"line":16,"column":380}},"21":{"start":{"line":18,"column":11},"end":{"line":93,"column":1}},"22":{"start":{"line":20,"column":23},"end":{"line":85,"column":7}},"23":{"start":{"line":25,"column":6},"end":{"line":84,"column":35}},"24":{"start":{"line":26,"column":8},"end":{"line":83,"column":9}},"25":{"start":{"line":27,"column":10},"end":{"line":82,"column":11}},"26":{"start":{"line":29,"column":14},"end":{"line":29,"column":52}},"27":{"start":{"line":31,"column":14},"end":{"line":34,"column":15}},"28":{"start":{"line":32,"column":16},"end":{"line":32,"column":34}},"29":{"start":{"line":33,"column":16},"end":{"line":33,"column":22}},"30":{"start":{"line":36,"column":14},"end":{"line":39,"column":18}},"31":{"start":{"line":42,"column":14},"end":{"line":42,"column":32}},"32":{"start":{"line":43,"column":14},"end":{"line":43,"column":32}},"33":{"start":{"line":44,"column":14},"end":{"line":44,"column":84}},"34":{"start":{"line":47,"column":14},"end":{"line":47,"column":38}},"35":{"start":{"line":48,"column":14},"end":{"line":48,"column":59}},"36":{"start":{"line":49,"column":14},"end":{"line":49,"column":33}},"37":{"start":{"line":50,"column":14},"end":{"line":50,"column":74}},"38":{"start":{"line":53,"column":14},"end":{"line":53,"column":35}},"39":{"start":{"line":54,"column":14},"end":{"line":54,"column":31}},"40":{"start":{"line":56,"column":14},"end":{"line":59,"column":15}},"41":{"start":{"line":57,"column":16},"end":{"line":57,"column":35}},"42":{"start":{"line":58,"column":16},"end":{"line":58,"column":22}},"43":{"start":{"line":61,"column":14},"end":{"line":64,"column":18}},"44":{"start":{"line":67,"column":14},"end":{"line":67,"column":21}},"45":{"start":{"line":68,"column":14},"end":{"line":68,"column":33}},"46":{"start":{"line":69,"column":14},"end":{"line":69,"column":20}},"47":{"start":{"line":72,"column":14},"end":{"line":72,"column":33}},"48":{"start":{"line":73,"column":14},"end":{"line":73,"column":49}},"49":{"start":{"line":74,"column":14},"end":{"line":77,"column":18}},"50":{"start":{"line":81,"column":14},"end":{"line":81,"column":37}},"51":{"start":{"line":88,"column":6},"end":{"line":88,"column":49}},"52":{"start":{"line":91,"column":4},"end":{"line":91,"column":23}},"53":{"start":{"line":94,"column":15},"end":{"line":94,"column":19}},"54":{"start":{"line":95,"column":0},"end":{"line":95,"column":30}}},"fnMap":{"0":{"name":"_interopRequireDefault","decl":{"start":{"line":12,"column":9},"end":{"line":12,"column":31}},"loc":{"start":{"line":12,"column":37},"end":{"line":12,"column":97}},"line":12},"1":{"name":"asyncGeneratorStep","decl":{"start":{"line":14,"column":9},"end":{"line":14,"column":27}},"loc":{"start":{"line":14,"column":75},"end":{"line":14,"column":265}},"line":14},"2":{"name":"_asyncToGenerator","decl":{"start":{"line":16,"column":9},"end":{"line":16,"column":26}},"loc":{"start":{"line":16,"column":31},"end":{"line":16,"column":389}},"line":16},"3":{"name":"(anonymous_3)","decl":{"start":{"line":16,"column":40},"end":{"line":16,"column":41}},"loc":{"start":{"line":16,"column":52},"end":{"line":16,"column":386}},"line":16},"4":{"name":"(anonymous_4)","decl":{"start":{"line":16,"column":108},"end":{"line":16,"column":109}},"loc":{"start":{"line":16,"column":135},"end":{"line":16,"column":382}},"line":16},"5":{"name":"_next","decl":{"start":{"line":16,"column":178},"end":{"line":16,"column":183}},"loc":{"start":{"line":16,"column":191},"end":{"line":16,"column":266}},"line":16},"6":{"name":"_throw","decl":{"start":{"line":16,"column":276},"end":{"line":16,"column":282}},"loc":{"start":{"line":16,"column":288},"end":{"line":16,"column":362}},"line":16},"7":{"name":"(anonymous_7)","decl":{"start":{"line":19,"column":15},"end":{"line":19,"column":16}},"loc":{"start":{"line":19,"column":27},"end":{"line":92,"column":3}},"line":19},"8":{"name":"_callee","decl":{"start":{"line":22,"column":37},"end":{"line":22,"column":44}},"loc":{"start":{"line":22,"column":61},"end":{"line":85,"column":5}},"line":22},"9":{"name":"_callee$","decl":{"start":{"line":25,"column":46},"end":{"line":25,"column":54}},"loc":{"start":{"line":25,"column":65},"end":{"line":84,"column":7}},"line":25},"10":{"name":"verifyToken","decl":{"start":{"line":87,"column":13},"end":{"line":87,"column":24}},"loc":{"start":{"line":87,"column":39},"end":{"line":89,"column":5}},"line":87}},"branchMap":{"0":{"loc":{"start":{"line":12,"column":46},"end":{"line":12,"column":94}},"type":"cond-expr","locations":[{"start":{"line":12,"column":70},"end":{"line":12,"column":73}},{"start":{"line":12,"column":76},"end":{"line":12,"column":94}}],"line":12},"1":{"loc":{"start":{"line":12,"column":46},"end":{"line":12,"column":67}},"type":"binary-expr","locations":[{"start":{"line":12,"column":46},"end":{"line":12,"column":49}},{"start":{"line":12,"column":53},"end":{"line":12,"column":67}}],"line":12},"2":{"loc":{"start":{"line":14,"column":176},"end":{"line":14,"column":263}},"type":"if","locations":[{"start":{"line":14,"column":176},"end":{"line":14,"column":263}},{"start":{"line":14,"column":176},"end":{"line":14,"column":263}}],"line":14},"3":{"loc":{"start":{"line":27,"column":10},"end":{"line":82,"column":11}},"type":"switch","locations":[{"start":{"line":28,"column":12},"end":{"line":39,"column":18}},{"start":{"line":41,"column":12},"end":{"line":44,"column":84}},{"start":{"line":46,"column":12},"end":{"line":50,"column":74}},{"start":{"line":52,"column":12},"end":{"line":64,"column":18}},{"start":{"line":66,"column":12},"end":{"line":69,"column":20}},{"start":{"line":71,"column":12},"end":{"line":77,"column":18}},{"start":{"line":79,"column":12},"end":{"line":79,"column":20}},{"start":{"line":80,"column":12},"end":{"line":81,"column":37}}],"line":27},"4":{"loc":{"start":{"line":31,"column":14},"end":{"line":34,"column":15}},"type":"if","locations":[{"start":{"line":31,"column":14},"end":{"line":34,"column":15}},{"start":{"line":31,"column":14},"end":{"line":34,"column":15}}],"line":31},"5":{"loc":{"start":{"line":56,"column":14},"end":{"line":59,"column":15}},"type":"if","locations":[{"start":{"line":56,"column":14},"end":{"line":59,"column":15}},{"start":{"line":56,"column":14},"end":{"line":59,"column":15}}],"line":56}},"s":{"0":1,"1":1,"2":1,"3":1,"4":2,"5":18,"6":18,"7":18,"8":0,"9":0,"10":18,"11":6,"12":12,"13":1,"14":6,"15":6,"16":6,"17":6,"18":18,"19":0,"20":6,"21":1,"22":1,"23":6,"24":18,"25":36,"26":6,"27":6,"28":6,"29":6,"30":0,"31":6,"32":6,"33":6,"34":6,"35":6,"36":6,"37":6,"38":6,"39":6,"40":6,"41":6,"42":6,"43":0,"44":6,"45":6,"46":6,"47":0,"48":0,"49":0,"50":6,"51":6,"52":1,"53":1,"54":1},"f":{"0":2,"1":18,"2":1,"3":6,"4":6,"5":18,"6":0,"7":1,"8":6,"9":18,"10":6},"b":{"0":[1,1],"1":[2,2],"2":[6,12],"3":[6,6,6,6,6,0,6,6],"4":[6,0],"5":[6,0]},"_coverageSchema":"43e27e138ebf9cfc5966b082cf9a028302ed4184","hash":"1c776da6d344c44e8aaafe38f4a73af034536623","contentHash":"c84d37fd98fe1b17e9d3ee702bbee0bec010b0ba7f623e9c62e283e42ccdbb55"},"C:\\Users\\25078\\Desktop\\amani\\mydairy\\server\\helpers\\testData.js":{"path":"C:\\Users\\25078\\Desktop\\amani\\mydairy\\server\\helpers\\testData.js","statementMap":{"0":{"start":{"line":3,"column":0},"end":{"line":5,"column":3}},"1":{"start":{"line":6,"column":0},"end":{"line":6,"column":28}},"2":{"start":{"line":8,"column":14},"end":{"line":8,"column":57}},"3":{"start":{"line":10,"column":39},"end":{"line":10,"column":95}},"4":{"start":{"line":12,"column":15},"end":{"line":35,"column":1}},"5":{"start":{"line":37,"column":12},"end":{"line":37,"column":69}},"6":{"start":{"line":39,"column":15},"end":{"line":42,"column":1}},"7":{"start":{"line":43,"column":0},"end":{"line":43,"column":30}}},"fnMap":{"0":{"name":"_interopRequireDefault","decl":{"start":{"line":10,"column":9},"end":{"line":10,"column":31}},"loc":{"start":{"line":10,"column":37},"end":{"line":10,"column":97}},"line":10}},"branchMap":{"0":{"loc":{"start":{"line":10,"column":46},"end":{"line":10,"column":94}},"type":"cond-expr","locations":[{"start":{"line":10,"column":70},"end":{"line":10,"column":73}},{"start":{"line":10,"column":76},"end":{"line":10,"column":94}}],"line":10},"1":{"loc":{"start":{"line":10,"column":46},"end":{"line":10,"column":67}},"type":"binary-expr","locations":[{"start":{"line":10,"column":46},"end":{"line":10,"column":49}},{"start":{"line":10,"column":53},"end":{"line":10,"column":67}}],"line":10}},"s":{"0":1,"1":1,"2":1,"3":1,"4":1,"5":1,"6":1,"7":1},"f":{"0":1},"b":{"0":[1,0],"1":[1,1]},"_coverageSchema":"43e27e138ebf9cfc5966b082cf9a028302ed4184","hash":"3559add164619635039fb701d38b72498eac4f99","contentHash":"6d952ca438ada325efd22ddce968361d67c3f5efe544af9f5bc691540d05b7c4"}}